#
# There is insufficient memory for the Java Runtime Environment to continue.
# Native memory allocation (malloc) failed to allocate 768816 bytes for Chunk::new
# Possible reasons:
#   The system is out of physical RAM or swap space
#   The process is running with CompressedOops enabled, and the Java Heap may be blocking the growth of the native heap
# Possible solutions:
#   Reduce memory load on the system
#   Increase physical memory or swap space
#   Check if swap backing store is full
#   Decrease Java heap size (-Xmx/-Xms)
#   Decrease number of Java threads
#   Decrease Java thread stack sizes (-Xss)
#   Set larger code cache with -XX:ReservedCodeCacheSize=
#   JVM is running with Zero Based Compressed Oops mode in which the Java heap is
#     placed in the first 32GB address space. The Java Heap base address is the
#     maximum limit for the native heap growth. Please use -XX:HeapBaseMinAddress
#     to set the Java Heap base and to place the Java Heap above 32GB virtual address.
# This output file may be truncated or incomplete.
#
#  Out of Memory Error (allocation.cpp:389), pid=7596, tid=0x0000000000003674
#
# JRE version: Java(TM) SE Runtime Environment (8.0_202-b08) (build 1.8.0_202-b08)
# Java VM: Java HotSpot(TM) 64-Bit Server VM (25.202-b08 mixed mode windows-amd64 compressed oops)
# Failed to write core dump. Minidumps are not enabled by default on client versions of Windows
#

---------------  T H R E A D  ---------------

Current thread (0x00000000196a0800):  JavaThread "C2 CompilerThread0" daemon [_thread_in_native, id=13940, stack(0x000000001b1c0000,0x000000001b2c0000)]

Stack: [0x000000001b1c0000,0x000000001b2c0000]
[error occurred during error reporting (printing stack bounds), id 0xc0000005]

Native frames: (J=compiled Java code, j=interpreted, Vv=VM code, C=native code)


Current CompileTask:
C2:  24263 3527       4       net.bytebuddy.description.type.TypeDescription$AbstractBase::isAssignable (198 bytes)


---------------  P R O C E S S  ---------------

Java Threads: ( => current thread )
  0x000000001beb7000 JavaThread "Darkroom Processing Line" daemon [_thread_blocked, id=13412, stack(0x000000001ead0000,0x000000001ebd0000)]
  0x000000001beb3000 JavaThread "Okio Watchdog" daemon [_thread_blocked, id=5000, stack(0x00000000244a0000,0x00000000245a0000)]
  0x000000001c0d9000 JavaThread "OkHttp ConnectionPool" daemon [_thread_blocked, id=10616, stack(0x00000000241a0000,0x00000000242a0000)]
  0x000000001c0d8800 JavaThread "ForkJoinPool.commonPool-worker-1" daemon [_thread_blocked, id=5588, stack(0x00000000240a0000,0x00000000241a0000)]
  0x000000001c0d6000 JavaThread "Exec Stream Pumper" daemon [_thread_in_native, id=10260, stack(0x0000000023da0000,0x0000000023ea0000)]
  0x000000001c0d4000 JavaThread "Exec Stream Pumper" daemon [_thread_in_native, id=17288, stack(0x0000000023ca0000,0x0000000023da0000)]
  0x000000001c0da800 JavaThread "UrlChecker-2" daemon [_thread_blocked, id=13564, stack(0x000000001e9d0000,0x000000001ead0000)]
  0x000000001c0d5800 JavaThread "Exec Default Executor" daemon [_thread_in_native, id=13664, stack(0x000000001d0d0000,0x000000001d1d0000)]
  0x00000000196ce800 JavaThread "Service Thread" daemon [_thread_blocked, id=14796, stack(0x000000001b4c0000,0x000000001b5c0000)]
  0x00000000196ad800 JavaThread "C1 CompilerThread2" daemon [_thread_blocked, id=4488, stack(0x000000001b3c0000,0x000000001b4c0000)]
  0x00000000196a3800 JavaThread "C2 CompilerThread1" daemon [_thread_in_native, id=6880, stack(0x000000001b2c0000,0x000000001b3c0000)]
=>0x00000000196a0800 JavaThread "C2 CompilerThread0" daemon [_thread_in_native, id=13940, stack(0x000000001b1c0000,0x000000001b2c0000)]
  0x000000001ad03000 JavaThread "Monitor Ctrl-Break" daemon [_thread_in_native, id=14432, stack(0x000000001b0c0000,0x000000001b1c0000)]
  0x0000000019684000 JavaThread "Attach Listener" daemon [_thread_blocked, id=5112, stack(0x000000001abc0000,0x000000001acc0000)]
  0x0000000019682800 JavaThread "Signal Dispatcher" daemon [_thread_blocked, id=1924, stack(0x000000001aac0000,0x000000001abc0000)]
  0x0000000019662800 JavaThread "Finalizer" daemon [_thread_blocked, id=7232, stack(0x000000001a8c0000,0x000000001a9c0000)]
  0x000000001965a800 JavaThread "Reference Handler" daemon [_thread_blocked, id=7604, stack(0x000000001a7c0000,0x000000001a8c0000)]
  0x000000000207a000 JavaThread "Forwarding isElementDisplayed on session bb078e6030a8e2eea04b8f896c18c228 to remote" [_thread_in_native, id=16448, stack(0x00000000021d0000,0x00000000022d0000)]

Other Threads:
  0x0000000019637000 VMThread [stack: 0x000000001a6c0000,0x000000001a7c0000] [id=12712]
  0x000000001addc800 WatcherThread [stack: 0x000000001b6c0000,0x000000001b7c0000] [id=14680]

VM state:not at safepoint (normal execution)

VM Mutex/Monitor currently owned by a thread: None

heap address: 0x0000000700400000, size: 3068 MB, Compressed Oops mode: Zero based, Oop shift amount: 3
Narrow klass base: 0x0000000000000000, Narrow klass shift: 3
Compressed class space size: 1073741824 Address: 0x00000007c0000000

Heap:
 PSYoungGen      total 83456K, used 71972K [0x0000000780180000, 0x0000000787100000, 0x00000007c0000000)
  eden space 73728K, 88% used [0x0000000780180000,0x00000007841803b8,0x0000000784980000)
  from space 9728K, 66% used [0x0000000784980000,0x0000000784fc9040,0x0000000785300000)
  to   space 9728K, 0% used [0x0000000786780000,0x0000000786780000,0x0000000787100000)
 ParOldGen       total 77824K, used 6937K [0x0000000700400000, 0x0000000705000000, 0x0000000780180000)
  object space 77824K, 8% used [0x0000000700400000,0x0000000700ac6578,0x0000000705000000)
 Metaspace       used 34140K, capacity 35270K, committed 35456K, reserved 1079296K
  class space    used 4705K, capacity 4963K, committed 4992K, reserved 1048576K

Card table byte_map: [0x00000000118f0000,0x0000000011ef0000] byte_map_base: 0x000000000e0ee000

Marking Bits: (ParMarkBitMap*) 0x000000006b405ce0
 Begin Bits: [0x00000000126f0000, 0x00000000156e0000)
 End Bits:   [0x00000000156e0000, 0x00000000186d0000)

Polling page: 0x0000000002020000

CodeCache: size=245760Kb used=10024Kb max_used=10024Kb free=235735Kb
 bounds [0x0000000002530000, 0x0000000002f10000, 0x0000000011530000]
 total_blobs=3643 nmethods=3161 adapters=394
 compilation: enabled

Compilation events (10 events):
Event: 24.209 Thread 0x00000000196ad800 3568       3       java.util.Formatter$FormatSpecifier::conversion (94 bytes)
Event: 24.210 Thread 0x00000000196ad800 nmethod 3568 0x0000000002efdb90 code [0x0000000002efde00, 0x0000000002efec48]
Event: 24.210 Thread 0x00000000196ad800 3569       3       java.util.Formatter$Conversion::isText (32 bytes)
Event: 24.210 Thread 0x00000000196ad800 nmethod 3569 0x0000000002eff450 code [0x0000000002eff5a0, 0x0000000002eff6f0]
Event: 24.210 Thread 0x00000000196ad800 3570       3       java.util.Formatter$FormatSpecifier::checkGeneral (114 bytes)
Event: 24.212 Thread 0x00000000196ad800 nmethod 3570 0x0000000002eff750 code [0x0000000002eff980, 0x0000000002f006e8]
Event: 24.212 Thread 0x00000000196ad800 3571       3       java.util.Formatter$FormatSpecifier::printString (105 bytes)
Event: 24.215 Thread 0x00000000196ad800 nmethod 3571 0x0000000002f00b50 code [0x0000000002f00e20, 0x0000000002f021d8]
Event: 24.215 Thread 0x00000000196ad800 3572       3       java.util.Formatter$FormatSpecifier::print (66 bytes)
Event: 24.216 Thread 0x00000000196ad800 nmethod 3572 0x0000000002f02d10 code [0x0000000002f02ee0, 0x0000000002f036f8]

GC Heap History (10 events):
Event: 7.315 GC heap before
{Heap before GC invocations=6 (full 1):
 PSYoungGen      total 56320K, used 7113K [0x0000000780180000, 0x0000000784280000, 0x00000007c0000000)
  eden space 48128K, 0% used [0x0000000780180000,0x0000000780180000,0x0000000783080000)
  from space 8192K, 86% used [0x0000000783180000,0x0000000783872768,0x0000000783980000)
  to   space 9216K, 0% used [0x0000000783980000,0x0000000783980000,0x0000000784280000)
 ParOldGen       total 131072K, used 40K [0x0000000700400000, 0x0000000708400000, 0x0000000780180000)
  object space 131072K, 0% used [0x0000000700400000,0x000000070040a000,0x0000000708400000)
 Metaspace       used 20870K, capacity 21184K, committed 21296K, reserved 1067008K
  class space    used 2828K, capacity 2924K, committed 2944K, reserved 1048576K
Event: 7.365 GC heap after
Heap after GC invocations=6 (full 1):
 PSYoungGen      total 56320K, used 0K [0x0000000780180000, 0x0000000784280000, 0x00000007c0000000)
  eden space 48128K, 0% used [0x0000000780180000,0x0000000780180000,0x0000000783080000)
  from space 8192K, 0% used [0x0000000783180000,0x0000000783180000,0x0000000783980000)
  to   space 9216K, 0% used [0x0000000783980000,0x0000000783980000,0x0000000784280000)
 ParOldGen       total 77824K, used 6905K [0x0000000700400000, 0x0000000705000000, 0x0000000780180000)
  object space 77824K, 8% used [0x0000000700400000,0x0000000700abe578,0x0000000705000000)
 Metaspace       used 20870K, capacity 21184K, committed 21296K, reserved 1067008K
  class space    used 2828K, capacity 2924K, committed 2944K, reserved 1048576K
}
Event: 8.961 GC heap before
{Heap before GC invocations=7 (full 1):
 PSYoungGen      total 56320K, used 48128K [0x0000000780180000, 0x0000000784280000, 0x00000007c0000000)
  eden space 48128K, 100% used [0x0000000780180000,0x0000000783080000,0x0000000783080000)
  from space 8192K, 0% used [0x0000000783180000,0x0000000783180000,0x0000000783980000)
  to   space 9216K, 0% used [0x0000000783980000,0x0000000783980000,0x0000000784280000)
 ParOldGen       total 77824K, used 6905K [0x0000000700400000, 0x0000000705000000, 0x0000000780180000)
  object space 77824K, 8% used [0x0000000700400000,0x0000000700abe578,0x0000000705000000)
 Metaspace       used 24170K, capacity 24686K, committed 24832K, reserved 1071104K
  class space    used 3390K, capacity 3523K, committed 3584K, reserved 1048576K
Event: 8.965 GC heap after
Heap after GC invocations=7 (full 1):
 PSYoungGen      total 57344K, used 3919K [0x0000000780180000, 0x0000000785b00000, 0x00000007c0000000)
  eden space 48128K, 0% used [0x0000000780180000,0x0000000780180000,0x0000000783080000)
  from space 9216K, 42% used [0x0000000783980000,0x0000000783d53c10,0x0000000784280000)
  to   space 9216K, 0% used [0x0000000783080000,0x0000000783080000,0x0000000783980000)
 ParOldGen       total 77824K, used 6913K [0x0000000700400000, 0x0000000705000000, 0x0000000780180000)
  object space 77824K, 8% used [0x0000000700400000,0x0000000700ac0578,0x0000000705000000)
 Metaspace       used 24170K, capacity 24686K, committed 24832K, reserved 1071104K
  class space    used 3390K, capacity 3523K, committed 3584K, reserved 1048576K
}
Event: 9.768 GC heap before
{Heap before GC invocations=8 (full 1):
 PSYoungGen      total 57344K, used 52047K [0x0000000780180000, 0x0000000785b00000, 0x00000007c0000000)
  eden space 48128K, 100% used [0x0000000780180000,0x0000000783080000,0x0000000783080000)
  from space 9216K, 42% used [0x0000000783980000,0x0000000783d53c10,0x0000000784280000)
  to   space 9216K, 0% used [0x0000000783080000,0x0000000783080000,0x0000000783980000)
 ParOldGen       total 77824K, used 6913K [0x0000000700400000, 0x0000000705000000, 0x0000000780180000)
  object space 77824K, 8% used [0x0000000700400000,0x0000000700ac0578,0x0000000705000000)
 Metaspace       used 26623K, capacity 27170K, committed 27392K, reserved 1073152K
  class space    used 3658K, capacity 3815K, committed 3840K, reserved 1048576K
Event: 9.775 GC heap after
Heap after GC invocations=8 (full 1):
 PSYoungGen      total 57344K, used 3520K [0x0000000780180000, 0x0000000785c00000, 0x00000007c0000000)
  eden space 48128K, 0% used [0x0000000780180000,0x0000000780180000,0x0000000783080000)
  from space 9216K, 38% used [0x0000000783080000,0x00000007833f03f8,0x0000000783980000)
  to   space 9216K, 0% used [0x0000000785300000,0x0000000785300000,0x0000000785c00000)
 ParOldGen       total 77824K, used 6921K [0x0000000700400000, 0x0000000705000000, 0x0000000780180000)
  object space 77824K, 8% used [0x0000000700400000,0x0000000700ac2578,0x0000000705000000)
 Metaspace       used 26623K, capacity 27170K, committed 27392K, reserved 1073152K
  class space    used 3658K, capacity 3815K, committed 3840K, reserved 1048576K
}
Event: 10.310 GC heap before
{Heap before GC invocations=9 (full 1):
 PSYoungGen      total 57344K, used 51648K [0x0000000780180000, 0x0000000785c00000, 0x00000007c0000000)
  eden space 48128K, 100% used [0x0000000780180000,0x0000000783080000,0x0000000783080000)
  from space 9216K, 38% used [0x0000000783080000,0x00000007833f03f8,0x0000000783980000)
  to   space 9216K, 0% used [0x0000000785300000,0x0000000785300000,0x0000000785c00000)
 ParOldGen       total 77824K, used 6921K [0x0000000700400000, 0x0000000705000000, 0x0000000780180000)
  object space 77824K, 8% used [0x0000000700400000,0x0000000700ac2578,0x0000000705000000)
 Metaspace       used 27620K, capacity 28150K, committed 28416K, reserved 1073152K
  class space    used 3859K, capacity 4013K, committed 4096K, reserved 1048576K
Event: 10.314 GC heap after
Heap after GC invocations=9 (full 1):
 PSYoungGen      total 82944K, used 2473K [0x0000000780180000, 0x0000000785d00000, 0x00000007c0000000)
  eden space 73728K, 0% used [0x0000000780180000,0x0000000780180000,0x0000000784980000)
  from space 9216K, 26% used [0x0000000785300000,0x000000078556a428,0x0000000785c00000)
  to   space 9728K, 0% used [0x0000000784980000,0x0000000784980000,0x0000000785300000)
 ParOldGen       total 77824K, used 6929K [0x0000000700400000, 0x0000000705000000, 0x0000000780180000)
  object space 77824K, 8% used [0x0000000700400000,0x0000000700ac4578,0x0000000705000000)
 Metaspace       used 27620K, capacity 28150K, committed 28416K, reserved 1073152K
  class space    used 3859K, capacity 4013K, committed 4096K, reserved 1048576K
}
Event: 20.859 GC heap before
{Heap before GC invocations=10 (full 1):
 PSYoungGen      total 82944K, used 76201K [0x0000000780180000, 0x0000000785d00000, 0x00000007c0000000)
  eden space 73728K, 100% used [0x0000000780180000,0x0000000784980000,0x0000000784980000)
  from space 9216K, 26% used [0x0000000785300000,0x000000078556a428,0x0000000785c00000)
  to   space 9728K, 0% used [0x0000000784980000,0x0000000784980000,0x0000000785300000)
 ParOldGen       total 77824K, used 6929K [0x0000000700400000, 0x0000000705000000, 0x0000000780180000)
  object space 77824K, 8% used [0x0000000700400000,0x0000000700ac4578,0x0000000705000000)
 Metaspace       used 32813K, capacity 33900K, committed 34048K, reserved 1079296K
  class space    used 4552K, capacity 4838K, committed 4864K, reserved 1048576K
Event: 20.868 GC heap after
Heap after GC invocations=10 (full 1):
 PSYoungGen      total 83456K, used 6436K [0x0000000780180000, 0x0000000787100000, 0x00000007c0000000)
  eden space 73728K, 0% used [0x0000000780180000,0x0000000780180000,0x0000000784980000)
  from space 9728K, 66% used [0x0000000784980000,0x0000000784fc9040,0x0000000785300000)
  to   space 9728K, 0% used [0x0000000786780000,0x0000000786780000,0x0000000787100000)
 ParOldGen       total 77824K, used 6937K [0x0000000700400000, 0x0000000705000000, 0x0000000780180000)
  object space 77824K, 8% used [0x0000000700400000,0x0000000700ac6578,0x0000000705000000)
 Metaspace       used 32813K, capacity 33900K, committed 34048K, reserved 1079296K
  class space    used 4552K, capacity 4838K, committed 4864K, reserved 1048576K
}

Deoptimization events (10 events):
Event: 20.951 Thread 0x000000000207a000 Uncommon trap: reason=bimorphic action=maybe_recompile pc=0x0000000002ec0d60 method=com.google.common.collect.RegularImmutableMap.get(Ljava/lang/Object;[Lcom/google/common/collect/ImmutableMapEntry;I)Ljava/lang/Object; @ 11
Event: 24.108 Thread 0x000000000207a000 Uncommon trap: reason=class_check action=maybe_recompile pc=0x0000000002df9b88 method=net.bytebuddy.description.type.TypeDescription$ForLoadedType.isAssignableFrom(Lnet/bytebuddy/description/type/TypeDescription;)Z @ 1
Event: 24.108 Thread 0x000000000207a000 Uncommon trap: reason=class_check action=maybe_recompile pc=0x0000000002de6998 method=net.bytebuddy.description.type.TypeDescription$AbstractBase.isAssignable(Lnet/bytebuddy/description/type/TypeDescription;Lnet/bytebuddy/description/type/TypeDescription;
Event: 24.108 Thread 0x000000000207a000 Uncommon trap: reason=class_check action=maybe_recompile pc=0x0000000002df9b88 method=net.bytebuddy.description.type.TypeDescription$ForLoadedType.isAssignableFrom(Lnet/bytebuddy/description/type/TypeDescription;)Z @ 1
Event: 24.108 Thread 0x000000000207a000 Uncommon trap: reason=class_check action=maybe_recompile pc=0x0000000002de6998 method=net.bytebuddy.description.type.TypeDescription$AbstractBase.isAssignable(Lnet/bytebuddy/description/type/TypeDescription;Lnet/bytebuddy/description/type/TypeDescription;
Event: 24.108 Thread 0x000000000207a000 Uncommon trap: reason=class_check action=maybe_recompile pc=0x0000000002df9b88 method=net.bytebuddy.description.type.TypeDescription$ForLoadedType.isAssignableFrom(Lnet/bytebuddy/description/type/TypeDescription;)Z @ 1
Event: 24.109 Thread 0x000000000207a000 Uncommon trap: reason=class_check action=maybe_recompile pc=0x0000000002de6998 method=net.bytebuddy.description.type.TypeDescription$AbstractBase.isAssignable(Lnet/bytebuddy/description/type/TypeDescription;Lnet/bytebuddy/description/type/TypeDescription;
Event: 24.109 Thread 0x000000000207a000 Uncommon trap: reason=class_check action=maybe_recompile pc=0x0000000002df9b88 method=net.bytebuddy.description.type.TypeDescription$ForLoadedType.isAssignableFrom(Lnet/bytebuddy/description/type/TypeDescription;)Z @ 1
Event: 24.109 Thread 0x000000000207a000 Uncommon trap: reason=class_check action=maybe_recompile pc=0x0000000002de6998 method=net.bytebuddy.description.type.TypeDescription$AbstractBase.isAssignable(Lnet/bytebuddy/description/type/TypeDescription;Lnet/bytebuddy/description/type/TypeDescription;
Event: 24.114 Thread 0x000000000207a000 Uncommon trap: reason=class_check action=maybe_recompile pc=0x0000000002d7deb8 method=net.bytebuddy.description.type.TypeDescription$Generic$OfNonGenericType.isPrimitive()Z @ 1

Classes redefined (0 events):
No events

Internal exceptions (10 events):
Event: 22.295 Thread 0x000000001beb7000 Exception <a 'sun/nio/fs/WindowsException'> (0x00000007808d5638) thrown at [C:\re\workspace\8-2-build-windows-amd64-cygwin\jdk8u202\12323\hotspot\src\share\vm\prims\jni.cpp, line 710]
Event: 22.297 Thread 0x000000001beb7000 Exception <a 'sun/nio/fs/WindowsException'> (0x00000007808d7b78) thrown at [C:\re\workspace\8-2-build-windows-amd64-cygwin\jdk8u202\12323\hotspot\src\share\vm\prims\jni.cpp, line 710]
Event: 22.297 Thread 0x000000001beb7000 Exception <a 'sun/nio/fs/WindowsException'> (0x00000007808d8460) thrown at [C:\re\workspace\8-2-build-windows-amd64-cygwin\jdk8u202\12323\hotspot\src\share\vm\prims\jni.cpp, line 710]
Event: 22.299 Thread 0x000000001beb7000 Exception <a 'sun/nio/fs/WindowsException'> (0x00000007808d8df0) thrown at [C:\re\workspace\8-2-build-windows-amd64-cygwin\jdk8u202\12323\hotspot\src\share\vm\prims\jni.cpp, line 710]
Event: 22.301 Thread 0x000000001beb7000 Exception <a 'sun/nio/fs/WindowsException'> (0x00000007808d9548) thrown at [C:\re\workspace\8-2-build-windows-amd64-cygwin\jdk8u202\12323\hotspot\src\share\vm\prims\jni.cpp, line 710]
Event: 22.312 Thread 0x000000000207a000 Exception <a 'java/net/SocketTimeoutException': Read timed out> (0x0000000782c7ab50) thrown at [C:\re\workspace\8-2-build-windows-amd64-cygwin\jdk8u202\12323\hotspot\src\share\vm\prims\jni.cpp, line 736]
Event: 23.600 Thread 0x000000000207a000 Exception <a 'java/net/SocketTimeoutException': Read timed out> (0x00000007830b4118) thrown at [C:\re\workspace\8-2-build-windows-amd64-cygwin\jdk8u202\12323\hotspot\src\share\vm\prims\jni.cpp, line 736]
Event: 23.632 Thread 0x000000000207a000 Exception <a 'java/net/SocketTimeoutException': Read timed out> (0x00000007830ca278) thrown at [C:\re\workspace\8-2-build-windows-amd64-cygwin\jdk8u202\12323\hotspot\src\share\vm\prims\jni.cpp, line 736]
Event: 24.182 Thread 0x000000000207a000 Exception <a 'java/net/SocketTimeoutException': Read timed out> (0x0000000783c8ab80) thrown at [C:\re\workspace\8-2-build-windows-amd64-cygwin\jdk8u202\12323\hotspot\src\share\vm\prims\jni.cpp, line 736]
Event: 24.232 Thread 0x000000000207a000 Exception <a 'java/net/SocketTimeoutException': Read timed out> (0x00000007840ce700) thrown at [C:\re\workspace\8-2-build-windows-amd64-cygwin\jdk8u202\12323\hotspot\src\share\vm\prims\jni.cpp, line 736]

Events (10 events):
Event: 24.109 Thread 0x000000000207a000 Uncommon trap: trap_request=0xffffffde fr.pc=0x0000000002de6998
Event: 24.109 Thread 0x000000000207a000 DEOPT PACKING pc=0x0000000002de6998 sp=0x00000000022cde30
Event: 24.109 Thread 0x000000000207a000 DEOPT UNPACKING pc=0x000000000257583b sp=0x00000000022cde80 mode 2
Event: 24.114 Thread 0x000000000207a000 Uncommon trap: trap_request=0xffffffde fr.pc=0x0000000002d7deb8
Event: 24.114 Thread 0x000000000207a000 DEOPT PACKING pc=0x0000000002d7deb8 sp=0x00000000022cdb70
Event: 24.114 Thread 0x000000000207a000 DEOPT UNPACKING pc=0x000000000257583b sp=0x00000000022cdb20 mode 2
Event: 24.155 loading class java/util/stream/DoubleStream
Event: 24.155 loading class java/util/stream/DoubleStream done
Event: 24.155 loading class java/util/function/ToDoubleFunction
Event: 24.155 loading class java/util/function/ToDoubleFunction done


Dynamic libraries:
0x00007ff66c750000 - 0x00007ff66c787000 	C:\Program Files\Java\jdk1.8.0_202\bin\java.exe
0x00007ff9b3a10000 - 0x00007ff9b3c05000 	C:\Windows\SYSTEM32\ntdll.dll
0x00007ff9b33e0000 - 0x00007ff9b349e000 	C:\Windows\System32\KERNEL32.DLL
0x00007ff9b11f0000 - 0x00007ff9b14b8000 	C:\Windows\System32\KERNELBASE.dll
0x00007ff9b3920000 - 0x00007ff9b39cc000 	C:\Windows\System32\ADVAPI32.dll
0x00007ff9b2160000 - 0x00007ff9b21fe000 	C:\Windows\System32\msvcrt.dll
0x00007ff9b3800000 - 0x00007ff9b389b000 	C:\Windows\System32\sechost.dll
0x00007ff9b2390000 - 0x00007ff9b24ba000 	C:\Windows\System32\RPCRT4.dll
0x00007ff9b1b70000 - 0x00007ff9b1d11000 	C:\Windows\System32\USER32.dll
0x00007ff9b1120000 - 0x00007ff9b1142000 	C:\Windows\System32\win32u.dll
0x00007ff9b1d20000 - 0x00007ff9b1d4b000 	C:\Windows\System32\GDI32.dll
0x00007ff9b16b0000 - 0x00007ff9b17bd000 	C:\Windows\System32\gdi32full.dll
0x00007ff9b1150000 - 0x00007ff9b11ed000 	C:\Windows\System32\msvcp_win.dll
0x00007ff9b1950000 - 0x00007ff9b1a50000 	C:\Windows\System32\ucrtbase.dll
0x00007ff9a0e60000 - 0x00007ff9a10fa000 	C:\Windows\WinSxS\amd64_microsoft.windows.common-controls_6595b64144ccf1df_6.0.19041.1110_none_60b5254171f9507e\COMCTL32.dll
0x00007ff9b1f00000 - 0x00007ff9b1f30000 	C:\Windows\System32\IMM32.DLL
0x000000006b490000 - 0x000000006b562000 	C:\Program Files\Java\jdk1.8.0_202\jre\bin\msvcr100.dll
0x000000006abe0000 - 0x000000006b485000 	C:\Program Files\Java\jdk1.8.0_202\jre\bin\server\jvm.dll
0x00007ff9b2ee0000 - 0x00007ff9b2ee8000 	C:\Windows\System32\PSAPI.DLL
0x00007ff99c570000 - 0x00007ff99c579000 	C:\Windows\SYSTEM32\WSOCK32.dll
0x00007ff9b2ef0000 - 0x00007ff9b2f5b000 	C:\Windows\System32\WS2_32.dll
0x00007ff9a7340000 - 0x00007ff9a7367000 	C:\Windows\SYSTEM32\WINMM.dll
0x00007ff9b0ca0000 - 0x00007ff9b0caa000 	C:\Windows\SYSTEM32\VERSION.dll
0x00007ff9ae650000 - 0x00007ff9ae65f000 	C:\Program Files\Java\jdk1.8.0_202\jre\bin\verify.dll
0x00007ff987870000 - 0x00007ff987899000 	C:\Program Files\Java\jdk1.8.0_202\jre\bin\java.dll
0x00007ff9acaf0000 - 0x00007ff9acb13000 	C:\Program Files\Java\jdk1.8.0_202\jre\bin\instrument.dll
0x00007ff99d230000 - 0x00007ff99d246000 	C:\Program Files\Java\jdk1.8.0_202\jre\bin\zip.dll
0x00007ff9b24c0000 - 0x00007ff9b2c04000 	C:\Windows\System32\SHELL32.dll
0x00007ff9af1a0000 - 0x00007ff9af934000 	C:\Windows\SYSTEM32\windows.storage.dll
0x00007ff9b34a0000 - 0x00007ff9b37f5000 	C:\Windows\System32\combase.dll
0x00007ff9b0b00000 - 0x00007ff9b0b2e000 	C:\Windows\SYSTEM32\Wldp.dll
0x00007ff9b2c10000 - 0x00007ff9b2cbd000 	C:\Windows\System32\SHCORE.dll
0x00007ff9b2330000 - 0x00007ff9b2385000 	C:\Windows\System32\shlwapi.dll
0x00007ff9b1060000 - 0x00007ff9b107f000 	C:\Windows\SYSTEM32\profapi.dll
0x00007ff9a9cc0000 - 0x00007ff9a9cda000 	C:\Program Files\JetBrains\IntelliJ IDEA Community Edition 2021.3\bin\breakgen64.dll
0x00007ff987820000 - 0x00007ff98783a000 	C:\Program Files\java\jdk1.8.0_202\jre\bin\net.dll
0x00007ff9a2bf0000 - 0x00007ff9a2ddb000 	C:\Windows\SYSTEM32\urlmon.dll
0x00007ff9a5de0000 - 0x00007ff9a6090000 	C:\Windows\SYSTEM32\iertutil.dll
0x00007ff9a7880000 - 0x00007ff9a78a8000 	C:\Windows\SYSTEM32\srvcli.dll
0x00007ff9b0610000 - 0x00007ff9b061c000 	C:\Windows\SYSTEM32\netutils.dll
0x00007ff9b0860000 - 0x00007ff9b08ca000 	C:\Windows\system32\mswsock.dll
0x00007ff98caf0000 - 0x00007ff98cb02000 	C:\Program Files\java\jdk1.8.0_202\jre\bin\nio.dll
0x00007ff963d10000 - 0x00007ff963ea9000 	C:\Program Files\java\jdk1.8.0_202\jre\bin\awt.dll
0x00007ff9b1fb0000 - 0x00007ff9b207d000 	C:\Windows\System32\OLEAUT32.dll
0x00007ff9ae9c0000 - 0x00007ff9aea50000 	C:\Windows\SYSTEM32\apphelp.dll
0x00007ff9b0540000 - 0x00007ff9b060b000 	C:\Windows\SYSTEM32\DNSAPI.dll
0x00007ff9b0500000 - 0x00007ff9b053b000 	C:\Windows\SYSTEM32\IPHLPAPI.DLL
0x00007ff9b2320000 - 0x00007ff9b2328000 	C:\Windows\System32\NSI.dll
0x00007ff9a2090000 - 0x00007ff9a209a000 	C:\Windows\System32\rasadhlp.dll
0x00007ff9a7480000 - 0x00007ff9a74ff000 	C:\Windows\System32\fwpuclnt.dll
0x00007ff9b14c0000 - 0x00007ff9b14e7000 	C:\Windows\System32\bcrypt.dll
0x00007ff993480000 - 0x00007ff9934a4000 	C:\Program Files\java\jdk1.8.0_202\jre\bin\sunec.dll
0x00007ff9abba0000 - 0x00007ff9abbab000 	C:\Program Files\java\jdk1.8.0_202\jre\bin\sunmscapi.dll
0x00007ff9b1550000 - 0x00007ff9b16a6000 	C:\Windows\System32\CRYPT32.dll
0x00007ff9a7b90000 - 0x00007ff9a7ba7000 	C:\Windows\SYSTEM32\dhcpcsvc6.DLL
0x00007ff9a7b00000 - 0x00007ff9a7b1d000 	C:\Windows\SYSTEM32\dhcpcsvc.DLL
0x00007ff9b0a50000 - 0x00007ff9b0a68000 	C:\Windows\SYSTEM32\CRYPTSP.dll
0x00007ff9b0110000 - 0x00007ff9b0144000 	C:\Windows\system32\rsaenh.dll
0x00007ff9b0fe0000 - 0x00007ff9b100e000 	C:\Windows\SYSTEM32\USERENV.dll
0x00007ff9b1870000 - 0x00007ff9b18f2000 	C:\Windows\System32\bcryptprimitives.dll
0x00007ff9b0a70000 - 0x00007ff9b0a7c000 	C:\Windows\SYSTEM32\CRYPTBASE.dll

VM Arguments:
jvm_args: -ea -Didea.test.cyclic.buffer.size=1048576 -javaagent:C:\Program Files\JetBrains\IntelliJ IDEA Community Edition 2021.3\lib\idea_rt.jar=52071:C:\Program Files\JetBrains\IntelliJ IDEA Community Edition 2021.3\bin -Dfile.encoding=UTF-8 
java_command: com.intellij.rt.junit.JUnitStarter -ideVersion5 -junit4 starter.TestSuite
java_class_path (initial): C:\Program Files\JetBrains\IntelliJ IDEA Community Edition 2021.3\lib\idea_rt.jar;C:\Program Files\JetBrains\IntelliJ IDEA Community Edition 2021.3\plugins\junit\lib\junit5-rt.jar;C:\Program Files\JetBrains\IntelliJ IDEA Community Edition 2021.3\plugins\junit\lib\junit-rt.jar;C:\Program Files\java\jdk1.8.0_202\jre\lib\charsets.jar;C:\Program Files\java\jdk1.8.0_202\jre\lib\deploy.jar;C:\Program Files\java\jdk1.8.0_202\jre\lib\ext\access-bridge-64.jar;C:\Program Files\java\jdk1.8.0_202\jre\lib\ext\cldrdata.jar;C:\Program Files\java\jdk1.8.0_202\jre\lib\ext\dnsns.jar;C:\Program Files\java\jdk1.8.0_202\jre\lib\ext\jaccess.jar;C:\Program Files\java\jdk1.8.0_202\jre\lib\ext\jfxrt.jar;C:\Program Files\java\jdk1.8.0_202\jre\lib\ext\localedata.jar;C:\Program Files\java\jdk1.8.0_202\jre\lib\ext\nashorn.jar;C:\Program Files\java\jdk1.8.0_202\jre\lib\ext\sunec.jar;C:\Program Files\java\jdk1.8.0_202\jre\lib\ext\sunjce_provider.jar;C:\Program Files\java\jdk1.8.0_202\jre\lib\ext\sunmscapi.jar;C:\Program Files\java\jdk1.8.0_202\jre\lib\ext\sunpkcs11.jar;C:\Program Files\java\jdk1.8.0_202\jre\lib\ext\zipfs.jar;C:\Program Files\java\jdk1.8.0_202\jre\lib\javaws.jar;C:\Program Files\java\jdk1.8.0_202\jre\lib\jce.jar;C:\Program Files\java\jdk1.8.0_202\jre\lib\jfr.jar;C:\Program Files\java\jdk1.8.0_202\jre\lib\jfxswt.jar;C:\Program Files\java\jdk1.8.0_202\jre\lib\jsse.jar;C:\Program Files\java\jdk1.8.0_202\jre\lib\management-agent.jar;C:\Program Files\java\jdk1.8.0_202\jre\lib\plugin.jar;C:\Program Files\java\jdk1.8.0_202\jre\lib\resources.jar;C:\Program Files\java\jdk1.8.0_202\jre\lib\rt.jar;C:\Users\WhiteCode\IdeaProjects\rentz-qa_web_auto_testing\target\test-classes;C:\Users\WhiteCode\IdeaProjects\rentz-qa_web_auto_testing\target\classes;C:\Users\WhiteCode\.m2\repository\io\rest-assured\rest-assured\3.3.0\rest-assured-3.3.0.jar;C:\Users\WhiteCode\.m2\repository\org\codehaus\groovy\groovy\2.4.15\groovy-2.4.15.jar;C:\Users\WhiteCode\.m2\repository\org\codeh
Launcher Type: SUN_STANDARD

Environment Variables:
JAVA_HOME=C:\Program Files\java\jdk1.8.0_202
CLASSPATH=C:\Program Files\java\jdk1.8.0_202\lib
PATH=C:\Users\WhiteCode\AppData\Local\Android\Sdk\emulator;C:\Windows\system32;C:\Windows;C:\Windows\System32\Wbem;C:\Windows\System32\WindowsPowerShell\v1.0\;C:\Windows\System32\OpenSSH\;C:\Program Files\Java\jdk-16.0.1\bin;C:\Program Files\Microsoft VS Code\bin;"C:\C:\Program Files\apache-maven-3.8.3\bin;";C:\Users\WhiteCode\AppData\Local\Android\Sdk\platform-tools;C:\Users\WhiteCode\AppData\Local\Android\Sdk\tools;C:\Program Files\java\jdk1.8.0_202\bin;C:\Program Files\apache-maven-3.8.3\bin;C:\Program Files\nodejs\;C:\chromedriver_win32;C:\Program Files\apache-maven-3.8.3;C:\Program Files\Git\Git\cmd;C:\Users\WhiteCode\AppData\Roaming\npm;C:\Program Files\TestProject Agent
USERNAME=WhiteCode
OS=Windows_NT
PROCESSOR_IDENTIFIER=Intel64 Family 6 Model 42 Stepping 7, GenuineIntel



---------------  S Y S T E M  ---------------

OS: Windows 10.0 , 64 bit Build 19041 (10.0.19041.1348)

CPU:total 4 (initial active 4) (2 cores per cpu, 2 threads per core) family 6 model 42 stepping 7, cmov, cx8, fxsr, mmx, sse, sse2, sse3, ssse3, sse4.1, sse4.2, popcnt, avx, aes, clmul, ht, tsc, tscinvbit

Memory: 4k page, physical 12564332k(1529512k free), swap 12564332k(4148k free)

vm_info: Java HotSpot(TM) 64-Bit Server VM (25.202-b08) for windows-amd64 JRE (1.8.0_202-b08), built on Dec 15 2018 19:54:30 by "java_re" with MS VC++ 10.0 (VS2010)

time: Wed Dec 29 10:32:56 2021
timezone: SE Asia Standard Time
elapsed time: 24 seconds (0d 0h 0m 24s)

