#
# There is insufficient memory for the Java Runtime Environment to continue.
# Native memory allocation (malloc) failed to allocate 445456 bytes for Chunk::new
# Possible reasons:
#   The system is out of physical RAM or swap space
#   The process is running with CompressedOops enabled, and the Java Heap may be blocking the growth of the native heap
# Possible solutions:
#   Reduce memory load on the system
#   Increase physical memory or swap space
#   Check if swap backing store is full
#   Decrease Java heap size (-Xmx/-Xms)
#   Decrease number of Java threads
#   Decrease Java thread stack sizes (-Xss)
#   Set larger code cache with -XX:ReservedCodeCacheSize=
#   JVM is running with Zero Based Compressed Oops mode in which the Java heap is
#     placed in the first 32GB address space. The Java Heap base address is the
#     maximum limit for the native heap growth. Please use -XX:HeapBaseMinAddress
#     to set the Java Heap base and to place the Java Heap above 32GB virtual address.
# This output file may be truncated or incomplete.
#
#  Out of Memory Error (allocation.cpp:389), pid=14088, tid=0x000000000000310c
#
# JRE version: Java(TM) SE Runtime Environment (8.0_202-b08) (build 1.8.0_202-b08)
# Java VM: Java HotSpot(TM) 64-Bit Server VM (25.202-b08 mixed mode windows-amd64 compressed oops)
# Failed to write core dump. Minidumps are not enabled by default on client versions of Windows
#

---------------  T H R E A D  ---------------

Current thread (0x0000000019f0b800):  JavaThread "C2 CompilerThread1" daemon [_thread_in_native, id=12556, stack(0x000000001bb20000,0x000000001bc20000)]

Stack: [0x000000001bb20000,0x000000001bc20000]
[error occurred during error reporting (printing stack bounds), id 0xc0000005]

Native frames: (J=compiled Java code, j=interpreted, Vv=VM code, C=native code)


Current CompileTask:
C2:  44085 3450       4       java.util.zip.ZipInputStream::getNextEntry (74 bytes)


---------------  P R O C E S S  ---------------

Java Threads: ( => current thread )
  0x000000001c0a2000 JavaThread "Darkroom Processing Line" daemon [_thread_blocked, id=16064, stack(0x0000000022600000,0x0000000022700000)]
  0x000000001c0a6800 JavaThread "Okio Watchdog" daemon [_thread_blocked, id=13868, stack(0x0000000022b00000,0x0000000022c00000)]
  0x000000001ca5e000 JavaThread "OkHttp ConnectionPool" daemon [_thread_blocked, id=15284, stack(0x0000000022800000,0x0000000022900000)]
  0x000000001ca5f800 JavaThread "Exec Stream Pumper" daemon [_thread_in_native, id=17064, stack(0x0000000022400000,0x0000000022500000)]
  0x000000001ca62800 JavaThread "Exec Stream Pumper" daemon [_thread_in_native, id=1708, stack(0x0000000022300000,0x0000000022400000)]
  0x000000001ca5e800 JavaThread "UrlChecker-2" daemon [_thread_blocked, id=12640, stack(0x0000000022100000,0x0000000022200000)]
  0x000000001ca5c800 JavaThread "Exec Default Executor" daemon [_thread_in_native, id=13364, stack(0x000000001f300000,0x000000001f400000)]
  0x000000001b5c0000 JavaThread "Service Thread" daemon [_thread_blocked, id=15068, stack(0x000000001bd20000,0x000000001be20000)]
  0x0000000019f10800 JavaThread "C1 CompilerThread2" daemon [_thread_blocked, id=13084, stack(0x000000001bc20000,0x000000001bd20000)]
=>0x0000000019f0b800 JavaThread "C2 CompilerThread1" daemon [_thread_in_native, id=12556, stack(0x000000001bb20000,0x000000001bc20000)]
  0x0000000019f08800 JavaThread "C2 CompilerThread0" daemon [_thread_blocked, id=15384, stack(0x000000001ba20000,0x000000001bb20000)]
  0x000000001b563000 JavaThread "Monitor Ctrl-Break" daemon [_thread_in_native, id=14348, stack(0x000000001b920000,0x000000001ba20000)]
  0x0000000019ee4800 JavaThread "Attach Listener" daemon [_thread_blocked, id=15960, stack(0x000000001b420000,0x000000001b520000)]
  0x0000000019ee2800 JavaThread "Signal Dispatcher" daemon [_thread_blocked, id=5216, stack(0x000000001b320000,0x000000001b420000)]
  0x0000000019ec3800 JavaThread "Finalizer" daemon [_thread_blocked, id=15492, stack(0x000000001b120000,0x000000001b220000)]
  0x0000000019ebb800 JavaThread "Reference Handler" daemon [_thread_blocked, id=16996, stack(0x000000001b020000,0x000000001b120000)]
  0x000000000297a000 JavaThread "main" [_thread_in_native, id=13728, stack(0x00000000029a0000,0x0000000002aa0000)]

Other Threads:
  0x0000000019e97800 VMThread [stack: 0x000000001af20000,0x000000001b020000] [id=17012]
  0x000000001b646000 WatcherThread [stack: 0x000000001be20000,0x000000001bf20000] [id=14604]

VM state:not at safepoint (normal execution)

VM Mutex/Monitor currently owned by a thread: None

heap address: 0x0000000700400000, size: 3068 MB, Compressed Oops mode: Zero based, Oop shift amount: 3
Narrow klass base: 0x0000000000000000, Narrow klass shift: 3
Compressed class space size: 1073741824 Address: 0x00000007c0000000

Heap:
 PSYoungGen      total 102400K, used 14683K [0x0000000780180000, 0x0000000789580000, 0x00000007c0000000)
  eden space 93184K, 7% used [0x0000000780180000,0x000000078089c8f8,0x0000000785c80000)
  from space 9216K, 80% used [0x0000000788c80000,0x00000007893ba5a0,0x0000000789580000)
  to   space 9216K, 0% used [0x0000000785c80000,0x0000000785c80000,0x0000000786580000)
 ParOldGen       total 72192K, used 6925K [0x0000000700400000, 0x0000000704a80000, 0x0000000780180000)
  object space 72192K, 9% used [0x0000000700400000,0x0000000700ac3640,0x0000000704a80000)
 Metaspace       used 33975K, capacity 35124K, committed 35200K, reserved 1079296K
  class space    used 4649K, capacity 4940K, committed 4992K, reserved 1048576K

Card table byte_map: [0x0000000012150000,0x0000000012750000] byte_map_base: 0x000000000e94e000

Marking Bits: (ParMarkBitMap*) 0x000000006b405ce0
 Begin Bits: [0x0000000012f50000, 0x0000000015f40000)
 End Bits:   [0x0000000015f40000, 0x0000000018f30000)

Polling page: 0x0000000001080000

CodeCache: size=245760Kb used=10107Kb max_used=10202Kb free=235652Kb
 bounds [0x0000000002d90000, 0x00000000037b0000, 0x0000000011d90000]
 total_blobs=3533 nmethods=3059 adapters=386
 compilation: enabled

Compilation events (10 events):
Event: 43.939 Thread 0x0000000019f08800 nmethod 3446 0x0000000003278b10 code [0x0000000003278c40, 0x0000000003278cb8]
Event: 43.943 Thread 0x0000000019f10800 3447       3       java.util.regex.Pattern$Curly::study (153 bytes)
Event: 43.944 Thread 0x0000000019f10800 nmethod 3447 0x00000000033ccb50 code [0x00000000033ccce0, 0x00000000033cd298]
Event: 43.960 Thread 0x0000000019f0b800 3448       4       java.util.zip.ZipCoder::toStringUTF8 (45 bytes)
Event: 43.961 Thread 0x0000000019f08800 3449   !   4       java.util.zip.ZipInputStream::readLOC (315 bytes)
Event: 43.973 Thread 0x0000000019f0b800 nmethod 3448 0x0000000003578e50 code [0x0000000003579000, 0x00000000035796b8]
Event: 43.973 Thread 0x0000000019f0b800 3450       4       java.util.zip.ZipInputStream::getNextEntry (74 bytes)
Event: 44.036 Thread 0x0000000019f08800 nmethod 3449 0x000000000379ea90 code [0x000000000379ed20, 0x00000000037a0990]
Event: 44.036 Thread 0x0000000019f08800 3451       4       java.util.zip.ZipEntry::<init> (74 bytes)
Event: 44.038 Thread 0x0000000019f08800 nmethod 3451 0x000000000378ead0 code [0x000000000378ec00, 0x000000000378ecf8]

GC Heap History (10 events):
Event: 7.123 GC heap before
{Heap before GC invocations=5 (full 0):
 PSYoungGen      total 57344K, used 27888K [0x0000000780180000, 0x0000000784180000, 0x00000007c0000000)
  eden space 49152K, 41% used [0x0000000780180000,0x00000007815a2618,0x0000000783180000)
  from space 8192K, 88% used [0x0000000783980000,0x0000000784099cf0,0x0000000784180000)
  to   space 8192K, 0% used [0x0000000783180000,0x0000000783180000,0x0000000783980000)
 ParOldGen       total 131072K, used 32K [0x0000000700400000, 0x0000000708400000, 0x0000000780180000)
  object space 131072K, 0% used [0x0000000700400000,0x0000000700408000,0x0000000708400000)
 Metaspace       used 20852K, capacity 21180K, committed 21296K, reserved 1067008K
  class space    used 2828K, capacity 2924K, committed 2944K, reserved 1048576K
Event: 7.130 GC heap after
Heap after GC invocations=5 (full 0):
 PSYoungGen      total 57344K, used 7061K [0x0000000780180000, 0x0000000787380000, 0x00000007c0000000)
  eden space 49152K, 0% used [0x0000000780180000,0x0000000780180000,0x0000000783180000)
  from space 8192K, 86% used [0x0000000783180000,0x0000000783865738,0x0000000783980000)
  to   space 9216K, 0% used [0x0000000786a80000,0x0000000786a80000,0x0000000787380000)
 ParOldGen       total 131072K, used 40K [0x0000000700400000, 0x0000000708400000, 0x0000000780180000)
  object space 131072K, 0% used [0x0000000700400000,0x000000070040a000,0x0000000708400000)
 Metaspace       used 20852K, capacity 21180K, committed 21296K, reserved 1067008K
  class space    used 2828K, capacity 2924K, committed 2944K, reserved 1048576K
}
Event: 7.130 GC heap before
{Heap before GC invocations=6 (full 1):
 PSYoungGen      total 57344K, used 7061K [0x0000000780180000, 0x0000000787380000, 0x00000007c0000000)
  eden space 49152K, 0% used [0x0000000780180000,0x0000000780180000,0x0000000783180000)
  from space 8192K, 86% used [0x0000000783180000,0x0000000783865738,0x0000000783980000)
  to   space 9216K, 0% used [0x0000000786a80000,0x0000000786a80000,0x0000000787380000)
 ParOldGen       total 131072K, used 40K [0x0000000700400000, 0x0000000708400000, 0x0000000780180000)
  object space 131072K, 0% used [0x0000000700400000,0x000000070040a000,0x0000000708400000)
 Metaspace       used 20852K, capacity 21180K, committed 21296K, reserved 1067008K
  class space    used 2828K, capacity 2924K, committed 2944K, reserved 1048576K
Event: 7.169 GC heap after
Heap after GC invocations=6 (full 1):
 PSYoungGen      total 57344K, used 0K [0x0000000780180000, 0x0000000787380000, 0x00000007c0000000)
  eden space 49152K, 0% used [0x0000000780180000,0x0000000780180000,0x0000000783180000)
  from space 8192K, 0% used [0x0000000783180000,0x0000000783180000,0x0000000783980000)
  to   space 9216K, 0% used [0x0000000786a80000,0x0000000786a80000,0x0000000787380000)
 ParOldGen       total 72192K, used 6901K [0x0000000700400000, 0x0000000704a80000, 0x0000000780180000)
  object space 72192K, 9% used [0x0000000700400000,0x0000000700abd640,0x0000000704a80000)
 Metaspace       used 20852K, capacity 21180K, committed 21296K, reserved 1067008K
  class space    used 2828K, capacity 2924K, committed 2944K, reserved 1048576K
}
Event: 9.147 GC heap before
{Heap before GC invocations=7 (full 1):
 PSYoungGen      total 57344K, used 49152K [0x0000000780180000, 0x0000000787380000, 0x00000007c0000000)
  eden space 49152K, 100% used [0x0000000780180000,0x0000000783180000,0x0000000783180000)
  from space 8192K, 0% used [0x0000000783180000,0x0000000783180000,0x0000000783980000)
  to   space 9216K, 0% used [0x0000000786a80000,0x0000000786a80000,0x0000000787380000)
 ParOldGen       total 72192K, used 6901K [0x0000000700400000, 0x0000000704a80000, 0x0000000780180000)
  object space 72192K, 9% used [0x0000000700400000,0x0000000700abd640,0x0000000704a80000)
 Metaspace       used 24233K, capacity 24782K, committed 25088K, reserved 1071104K
  class space    used 3398K, capacity 3555K, committed 3584K, reserved 1048576K
Event: 9.155 GC heap after
Heap after GC invocations=7 (full 1):
 PSYoungGen      total 84992K, used 3932K [0x0000000780180000, 0x0000000786e80000, 0x00000007c0000000)
  eden space 80896K, 0% used [0x0000000780180000,0x0000000780180000,0x0000000785080000)
  from space 4096K, 96% used [0x0000000786a80000,0x0000000786e57210,0x0000000786e80000)
  to   space 9216K, 0% used [0x0000000785c80000,0x0000000785c80000,0x0000000786580000)
 ParOldGen       total 72192K, used 6909K [0x0000000700400000, 0x0000000704a80000, 0x0000000780180000)
  object space 72192K, 9% used [0x0000000700400000,0x0000000700abf640,0x0000000704a80000)
 Metaspace       used 24233K, capacity 24782K, committed 25088K, reserved 1071104K
  class space    used 3398K, capacity 3555K, committed 3584K, reserved 1048576K
}
Event: 11.342 GC heap before
{Heap before GC invocations=8 (full 1):
 PSYoungGen      total 84992K, used 84828K [0x0000000780180000, 0x0000000786e80000, 0x00000007c0000000)
  eden space 80896K, 100% used [0x0000000780180000,0x0000000785080000,0x0000000785080000)
  from space 4096K, 96% used [0x0000000786a80000,0x0000000786e57210,0x0000000786e80000)
  to   space 9216K, 0% used [0x0000000785c80000,0x0000000785c80000,0x0000000786580000)
 ParOldGen       total 72192K, used 6909K [0x0000000700400000, 0x0000000704a80000, 0x0000000780180000)
  object space 72192K, 9% used [0x0000000700400000,0x0000000700abf640,0x0000000704a80000)
 Metaspace       used 27291K, capacity 27874K, committed 28032K, reserved 1073152K
  class space    used 3785K, capacity 3943K, committed 3968K, reserved 1048576K
Event: 11.363 GC heap after
Heap after GC invocations=8 (full 1):
 PSYoungGen      total 102400K, used 3650K [0x0000000780180000, 0x0000000789580000, 0x00000007c0000000)
  eden space 93184K, 0% used [0x0000000780180000,0x0000000780180000,0x0000000785c80000)
  from space 9216K, 39% used [0x0000000785c80000,0x0000000786010a80,0x0000000786580000)
  to   space 9216K, 0% used [0x0000000788c80000,0x0000000788c80000,0x0000000789580000)
 ParOldGen       total 72192K, used 6917K [0x0000000700400000, 0x0000000704a80000, 0x0000000780180000)
  object space 72192K, 9% used [0x0000000700400000,0x0000000700ac1640,0x0000000704a80000)
 Metaspace       used 27291K, capacity 27874K, committed 28032K, reserved 1073152K
  class space    used 3785K, capacity 3943K, committed 3968K, reserved 1048576K
}
Event: 43.860 GC heap before
{Heap before GC invocations=9 (full 1):
 PSYoungGen      total 102400K, used 96834K [0x0000000780180000, 0x0000000789580000, 0x00000007c0000000)
  eden space 93184K, 100% used [0x0000000780180000,0x0000000785c80000,0x0000000785c80000)
  from space 9216K, 39% used [0x0000000785c80000,0x0000000786010a80,0x0000000786580000)
  to   space 9216K, 0% used [0x0000000788c80000,0x0000000788c80000,0x0000000789580000)
 ParOldGen       total 72192K, used 6917K [0x0000000700400000, 0x0000000704a80000, 0x0000000780180000)
  object space 72192K, 9% used [0x0000000700400000,0x0000000700ac1640,0x0000000704a80000)
 Metaspace       used 33918K, capacity 35124K, committed 35200K, reserved 1079296K
  class space    used 4644K, capacity 4940K, committed 4992K, reserved 1048576K
Event: 43.874 GC heap after
Heap after GC invocations=9 (full 1):
 PSYoungGen      total 102400K, used 7401K [0x0000000780180000, 0x0000000789580000, 0x00000007c0000000)
  eden space 93184K, 0% used [0x0000000780180000,0x0000000780180000,0x0000000785c80000)
  from space 9216K, 80% used [0x0000000788c80000,0x00000007893ba5a0,0x0000000789580000)
  to   space 9216K, 0% used [0x0000000785c80000,0x0000000785c80000,0x0000000786580000)
 ParOldGen       total 72192K, used 6925K [0x0000000700400000, 0x0000000704a80000, 0x0000000780180000)
  object space 72192K, 9% used [0x0000000700400000,0x0000000700ac3640,0x0000000704a80000)
 Metaspace       used 33918K, capacity 35124K, committed 35200K, reserved 1079296K
  class space    used 4644K, capacity 4940K, committed 4992K, reserved 1048576K
}

Deoptimization events (10 events):
Event: 18.341 Thread 0x000000000297a000 Uncommon trap: reason=class_check action=maybe_recompile pc=0x00000000036f8b28 method=org.openqa.selenium.json.Input.init()V @ 18
Event: 18.341 Thread 0x000000000297a000 Uncommon trap: reason=class_check action=maybe_recompile pc=0x00000000036f8b28 method=org.openqa.selenium.json.Input.init()V @ 18
Event: 18.341 Thread 0x000000000297a000 Uncommon trap: reason=class_check action=maybe_recompile pc=0x00000000036f8b28 method=org.openqa.selenium.json.Input.init()V @ 18
Event: 18.342 Thread 0x000000000297a000 Uncommon trap: reason=class_check action=maybe_recompile pc=0x00000000036f8b28 method=org.openqa.selenium.json.Input.init()V @ 18
Event: 28.204 Thread 0x000000000297a000 Uncommon trap: reason=unstable_if action=reinterpret pc=0x000000000357381c method=java.util.HashMap.putVal(ILjava/lang/Object;Ljava/lang/Object;ZZ)Ljava/lang/Object; @ 162
Event: 28.204 Thread 0x000000000297a000 Uncommon trap: reason=unstable_if action=reinterpret pc=0x000000000331e1ac method=java.util.HashMap.putVal(ILjava/lang/Object;Ljava/lang/Object;ZZ)Ljava/lang/Object; @ 109
Event: 28.204 Thread 0x000000000297a000 Uncommon trap: reason=unstable_if action=reinterpret pc=0x00000000033c6054 method=java.util.HashMap.resize()[Ljava/util/HashMap$Node; @ 206
Event: 28.209 Thread 0x000000000297a000 Uncommon trap: reason=unstable_if action=reinterpret pc=0x000000000313b8bc method=java.util.HashMap.putVal(ILjava/lang/Object;Ljava/lang/Object;ZZ)Ljava/lang/Object; @ 109
Event: 43.919 Thread 0x000000000297a000 Uncommon trap: reason=unstable_if action=reinterpret pc=0x00000000030e1550 method=java.util.regex.Pattern.sequence(Ljava/util/regex/Pattern$Node;)Ljava/util/regex/Pattern$Node; @ 388
Event: 43.919 Thread 0x000000000297a000 Uncommon trap: reason=unstable_if action=reinterpret pc=0x00000000030dadac method=java.util.regex.Pattern$Curly.study(Ljava/util/regex/Pattern$TreeInfo;)Z @ 71

Classes redefined (0 events):
No events

Internal exceptions (10 events):
Event: 18.356 Thread 0x000000000297a000 Exception <a 'java/lang/NoSuchMethodError': java.lang.Object.lambda$getResponseFunction$0(Lorg/openqa/selenium/remote/InitialHandshakeResponse;)Lorg/openqa/selenium/remote/ProtocolHandshake$Result;> (0x0000000783ce77b8) thrown at [C:\re\workspace\8-2-buil
Event: 18.636 Thread 0x000000000297a000 Exception <a 'java/net/SocketTimeoutException': Read timed out> (0x00000007843c5230) thrown at [C:\re\workspace\8-2-build-windows-amd64-cygwin\jdk8u202\12323\hotspot\src\share\vm\prims\jni.cpp, line 736]
Event: 18.667 Thread 0x000000000297a000 Exception <a 'java/net/SocketTimeoutException': Read timed out> (0x0000000784427070) thrown at [C:\re\workspace\8-2-build-windows-amd64-cygwin\jdk8u202\12323\hotspot\src\share\vm\prims\jni.cpp, line 736]
Event: 19.417 Thread 0x000000000297a000 Exception <a 'java/net/SocketTimeoutException': Read timed out> (0x000000078443d668) thrown at [C:\re\workspace\8-2-build-windows-amd64-cygwin\jdk8u202\12323\hotspot\src\share\vm\prims\jni.cpp, line 736]
Event: 28.197 Thread 0x000000000297a000 Exception <a 'java/lang/NoSuchMethodError': java.lang.Object.lambda$comparingInt$7b0bb60$1(Ljava/util/function/ToIntFunction;Ljava/lang/Object;Ljava/lang/Object;)I> (0x00000007844e0560) thrown at [C:\re\workspace\8-2-build-windows-amd64-cygwin\jdk8u202\12
Event: 28.232 Thread 0x000000000297a000 Exception <a 'java/net/SocketTimeoutException': Read timed out> (0x00000007846c1078) thrown at [C:\re\workspace\8-2-build-windows-amd64-cygwin\jdk8u202\12323\hotspot\src\share\vm\prims\jni.cpp, line 736]
Event: 43.401 Thread 0x000000000297a000 Exception <a 'java/lang/reflect/InvocationTargetException'> (0x00000007846f2938) thrown at [C:\re\workspace\8-2-build-windows-amd64-cygwin\jdk8u202\12323\hotspot\src\share\vm\runtime\reflection.cpp, line 1092]
Event: 43.556 Thread 0x000000000297a000 Exception <a 'java/net/SocketTimeoutException': Read timed out> (0x0000000784c0d290) thrown at [C:\re\workspace\8-2-build-windows-amd64-cygwin\jdk8u202\12323\hotspot\src\share\vm\prims\jni.cpp, line 736]
Event: 43.610 Thread 0x000000000297a000 Exception <a 'java/lang/reflect/InvocationTargetException'> (0x0000000784e55c90) thrown at [C:\re\workspace\8-2-build-windows-amd64-cygwin\jdk8u202\12323\hotspot\src\share\vm\runtime\reflection.cpp, line 1092]
Event: 43.654 Thread 0x000000000297a000 Exception <a 'java/lang/NoSuchMethodError': java.lang.Object.lambda$comparingLong$6043328a$1(Ljava/util/function/ToLongFunction;Ljava/lang/Object;Ljava/lang/Object;)I> (0x0000000784fbf5b0) thrown at [C:\re\workspace\8-2-build-windows-amd64-cygwin\jdk8u202

Events (10 events):
Event: 43.925 Thread 0x0000000019f08800 flushing nmethod 0x000000000359c850
Event: 43.925 Thread 0x0000000019f08800 flushing nmethod 0x000000000359e4d0
Event: 43.925 Thread 0x0000000019f08800 flushing nmethod 0x00000000035a6b10
Event: 43.925 Thread 0x0000000019f08800 flushing nmethod 0x00000000035a7590
Event: 43.925 Thread 0x0000000019f08800 flushing nmethod 0x00000000035aa010
Event: 43.925 Thread 0x0000000019f08800 flushing nmethod 0x00000000035aaa50
Event: 43.925 Thread 0x0000000019f08800 flushing nmethod 0x00000000035aadd0
Event: 43.926 Thread 0x0000000019f10800 flushing nmethod 0x0000000003600c10
Event: 43.926 loading class org/junit/runner/notification/RunNotifier$7
Event: 43.926 loading class org/junit/runner/notification/RunNotifier$7 done


Dynamic libraries:
0x00007ff66c750000 - 0x00007ff66c787000 	C:\Program Files\Java\jdk1.8.0_202\bin\java.exe
0x00007ff9b3a10000 - 0x00007ff9b3c05000 	C:\Windows\SYSTEM32\ntdll.dll
0x00007ff9b33e0000 - 0x00007ff9b349e000 	C:\Windows\System32\KERNEL32.DLL
0x00007ff9b11f0000 - 0x00007ff9b14b8000 	C:\Windows\System32\KERNELBASE.dll
0x00007ff9b3920000 - 0x00007ff9b39cc000 	C:\Windows\System32\ADVAPI32.dll
0x00007ff9b2160000 - 0x00007ff9b21fe000 	C:\Windows\System32\msvcrt.dll
0x00007ff9b3800000 - 0x00007ff9b389b000 	C:\Windows\System32\sechost.dll
0x00007ff9b2390000 - 0x00007ff9b24ba000 	C:\Windows\System32\RPCRT4.dll
0x00007ff9b1b70000 - 0x00007ff9b1d11000 	C:\Windows\System32\USER32.dll
0x00007ff9b1120000 - 0x00007ff9b1142000 	C:\Windows\System32\win32u.dll
0x00007ff9b1d20000 - 0x00007ff9b1d4b000 	C:\Windows\System32\GDI32.dll
0x00007ff9b16b0000 - 0x00007ff9b17bd000 	C:\Windows\System32\gdi32full.dll
0x00007ff9b1150000 - 0x00007ff9b11ed000 	C:\Windows\System32\msvcp_win.dll
0x00007ff9b1950000 - 0x00007ff9b1a50000 	C:\Windows\System32\ucrtbase.dll
0x00007ff9a0e60000 - 0x00007ff9a10fa000 	C:\Windows\WinSxS\amd64_microsoft.windows.common-controls_6595b64144ccf1df_6.0.19041.1110_none_60b5254171f9507e\COMCTL32.dll
0x00007ff9b1f00000 - 0x00007ff9b1f30000 	C:\Windows\System32\IMM32.DLL
0x000000006b490000 - 0x000000006b562000 	C:\Program Files\Java\jdk1.8.0_202\jre\bin\msvcr100.dll
0x000000006abe0000 - 0x000000006b485000 	C:\Program Files\Java\jdk1.8.0_202\jre\bin\server\jvm.dll
0x00007ff9b2ee0000 - 0x00007ff9b2ee8000 	C:\Windows\System32\PSAPI.DLL
0x00007ff99c570000 - 0x00007ff99c579000 	C:\Windows\SYSTEM32\WSOCK32.dll
0x00007ff9b2ef0000 - 0x00007ff9b2f5b000 	C:\Windows\System32\WS2_32.dll
0x00007ff9a7340000 - 0x00007ff9a7367000 	C:\Windows\SYSTEM32\WINMM.dll
0x00007ff9b0ca0000 - 0x00007ff9b0caa000 	C:\Windows\SYSTEM32\VERSION.dll
0x00007ff9ae650000 - 0x00007ff9ae65f000 	C:\Program Files\Java\jdk1.8.0_202\jre\bin\verify.dll
0x00007ff987870000 - 0x00007ff987899000 	C:\Program Files\Java\jdk1.8.0_202\jre\bin\java.dll
0x00007ff9acaf0000 - 0x00007ff9acb13000 	C:\Program Files\Java\jdk1.8.0_202\jre\bin\instrument.dll
0x00007ff99d230000 - 0x00007ff99d246000 	C:\Program Files\Java\jdk1.8.0_202\jre\bin\zip.dll
0x00007ff9b24c0000 - 0x00007ff9b2c04000 	C:\Windows\System32\SHELL32.dll
0x00007ff9af1a0000 - 0x00007ff9af934000 	C:\Windows\SYSTEM32\windows.storage.dll
0x00007ff9b34a0000 - 0x00007ff9b37f5000 	C:\Windows\System32\combase.dll
0x00007ff9b0b00000 - 0x00007ff9b0b2e000 	C:\Windows\SYSTEM32\Wldp.dll
0x00007ff9b2c10000 - 0x00007ff9b2cbd000 	C:\Windows\System32\SHCORE.dll
0x00007ff9b2330000 - 0x00007ff9b2385000 	C:\Windows\System32\shlwapi.dll
0x00007ff9b1060000 - 0x00007ff9b107f000 	C:\Windows\SYSTEM32\profapi.dll
0x00007ff9a9cc0000 - 0x00007ff9a9cda000 	C:\Program Files\JetBrains\IntelliJ IDEA Community Edition 2021.3\bin\breakgen64.dll
0x00007ff987820000 - 0x00007ff98783a000 	C:\Program Files\java\jdk1.8.0_202\jre\bin\net.dll
0x00007ff9a2bf0000 - 0x00007ff9a2ddb000 	C:\Windows\SYSTEM32\urlmon.dll
0x00007ff9a5de0000 - 0x00007ff9a6090000 	C:\Windows\SYSTEM32\iertutil.dll
0x00007ff9b0610000 - 0x00007ff9b061c000 	C:\Windows\SYSTEM32\netutils.dll
0x00007ff9a7880000 - 0x00007ff9a78a8000 	C:\Windows\SYSTEM32\srvcli.dll
0x00007ff9b0860000 - 0x00007ff9b08ca000 	C:\Windows\system32\mswsock.dll
0x00007ff98caf0000 - 0x00007ff98cb02000 	C:\Program Files\java\jdk1.8.0_202\jre\bin\nio.dll
0x00007ff963d10000 - 0x00007ff963ea9000 	C:\Program Files\java\jdk1.8.0_202\jre\bin\awt.dll
0x00007ff9b1fb0000 - 0x00007ff9b207d000 	C:\Windows\System32\OLEAUT32.dll
0x00007ff9ae9c0000 - 0x00007ff9aea50000 	C:\Windows\SYSTEM32\apphelp.dll
0x00007ff9b0540000 - 0x00007ff9b060b000 	C:\Windows\SYSTEM32\DNSAPI.dll
0x00007ff9b0500000 - 0x00007ff9b053b000 	C:\Windows\SYSTEM32\IPHLPAPI.DLL
0x00007ff9b2320000 - 0x00007ff9b2328000 	C:\Windows\System32\NSI.dll
0x00007ff9a2090000 - 0x00007ff9a209a000 	C:\Windows\System32\rasadhlp.dll
0x00007ff9a7480000 - 0x00007ff9a74ff000 	C:\Windows\System32\fwpuclnt.dll
0x00007ff9b14c0000 - 0x00007ff9b14e7000 	C:\Windows\System32\bcrypt.dll
0x00007ff9a8f80000 - 0x00007ff9a8fa4000 	C:\Program Files\java\jdk1.8.0_202\jre\bin\sunec.dll
0x00007ff9abba0000 - 0x00007ff9abbab000 	C:\Program Files\java\jdk1.8.0_202\jre\bin\sunmscapi.dll
0x00007ff9b1550000 - 0x00007ff9b16a6000 	C:\Windows\System32\CRYPT32.dll
0x00007ff9a7b90000 - 0x00007ff9a7ba7000 	C:\Windows\SYSTEM32\dhcpcsvc6.DLL
0x00007ff9a7b00000 - 0x00007ff9a7b1d000 	C:\Windows\SYSTEM32\dhcpcsvc.DLL
0x00007ff9b0a50000 - 0x00007ff9b0a68000 	C:\Windows\SYSTEM32\CRYPTSP.dll
0x00007ff9b0110000 - 0x00007ff9b0144000 	C:\Windows\system32\rsaenh.dll
0x00007ff9b0fe0000 - 0x00007ff9b100e000 	C:\Windows\SYSTEM32\USERENV.dll
0x00007ff9b1870000 - 0x00007ff9b18f2000 	C:\Windows\System32\bcryptprimitives.dll
0x00007ff9b0a70000 - 0x00007ff9b0a7c000 	C:\Windows\SYSTEM32\CRYPTBASE.dll
0x00007ff9998d0000 - 0x00007ff9998e7000 	C:\Windows\system32\napinsp.dll
0x00007ff9998b0000 - 0x00007ff9998cb000 	C:\Windows\system32\pnrpnsp.dll
0x00007ff9abbc0000 - 0x00007ff9abbd5000 	C:\Windows\system32\wshbth.dll
0x00007ff9aca70000 - 0x00007ff9aca8d000 	C:\Windows\system32\NLAapi.dll
0x00007ff999790000 - 0x00007ff9997a2000 	C:\Windows\System32\winrnr.dll

VM Arguments:
jvm_args: -ea -Didea.test.cyclic.buffer.size=1048576 -javaagent:C:\Program Files\JetBrains\IntelliJ IDEA Community Edition 2021.3\lib\idea_rt.jar=52279:C:\Program Files\JetBrains\IntelliJ IDEA Community Edition 2021.3\bin -Dfile.encoding=UTF-8 
java_command: com.intellij.rt.junit.JUnitStarter -ideVersion5 -junit4 starter.TestSuite
java_class_path (initial): C:\Program Files\JetBrains\IntelliJ IDEA Community Edition 2021.3\lib\idea_rt.jar;C:\Program Files\JetBrains\IntelliJ IDEA Community Edition 2021.3\plugins\junit\lib\junit5-rt.jar;C:\Program Files\JetBrains\IntelliJ IDEA Community Edition 2021.3\plugins\junit\lib\junit-rt.jar;C:\Program Files\java\jdk1.8.0_202\jre\lib\charsets.jar;C:\Program Files\java\jdk1.8.0_202\jre\lib\deploy.jar;C:\Program Files\java\jdk1.8.0_202\jre\lib\ext\access-bridge-64.jar;C:\Program Files\java\jdk1.8.0_202\jre\lib\ext\cldrdata.jar;C:\Program Files\java\jdk1.8.0_202\jre\lib\ext\dnsns.jar;C:\Program Files\java\jdk1.8.0_202\jre\lib\ext\jaccess.jar;C:\Program Files\java\jdk1.8.0_202\jre\lib\ext\jfxrt.jar;C:\Program Files\java\jdk1.8.0_202\jre\lib\ext\localedata.jar;C:\Program Files\java\jdk1.8.0_202\jre\lib\ext\nashorn.jar;C:\Program Files\java\jdk1.8.0_202\jre\lib\ext\sunec.jar;C:\Program Files\java\jdk1.8.0_202\jre\lib\ext\sunjce_provider.jar;C:\Program Files\java\jdk1.8.0_202\jre\lib\ext\sunmscapi.jar;C:\Program Files\java\jdk1.8.0_202\jre\lib\ext\sunpkcs11.jar;C:\Program Files\java\jdk1.8.0_202\jre\lib\ext\zipfs.jar;C:\Program Files\java\jdk1.8.0_202\jre\lib\javaws.jar;C:\Program Files\java\jdk1.8.0_202\jre\lib\jce.jar;C:\Program Files\java\jdk1.8.0_202\jre\lib\jfr.jar;C:\Program Files\java\jdk1.8.0_202\jre\lib\jfxswt.jar;C:\Program Files\java\jdk1.8.0_202\jre\lib\jsse.jar;C:\Program Files\java\jdk1.8.0_202\jre\lib\management-agent.jar;C:\Program Files\java\jdk1.8.0_202\jre\lib\plugin.jar;C:\Program Files\java\jdk1.8.0_202\jre\lib\resources.jar;C:\Program Files\java\jdk1.8.0_202\jre\lib\rt.jar;C:\Users\WhiteCode\IdeaProjects\rentz-qa_web_auto_testing\target\test-classes;C:\Users\WhiteCode\IdeaProjects\rentz-qa_web_auto_testing\target\classes;C:\Users\WhiteCode\.m2\repository\io\rest-assured\rest-assured\3.3.0\rest-assured-3.3.0.jar;C:\Users\WhiteCode\.m2\repository\org\codehaus\groovy\groovy\2.4.15\groovy-2.4.15.jar;C:\Users\WhiteCode\.m2\repository\org\codeh
Launcher Type: SUN_STANDARD

Environment Variables:
JAVA_HOME=C:\Program Files\java\jdk1.8.0_202
CLASSPATH=C:\Program Files\java\jdk1.8.0_202\lib
PATH=C:\Users\WhiteCode\AppData\Local\Android\Sdk\emulator;C:\Windows\system32;C:\Windows;C:\Windows\System32\Wbem;C:\Windows\System32\WindowsPowerShell\v1.0\;C:\Windows\System32\OpenSSH\;C:\Program Files\Java\jdk-16.0.1\bin;C:\Program Files\Microsoft VS Code\bin;"C:\C:\Program Files\apache-maven-3.8.3\bin;";C:\Users\WhiteCode\AppData\Local\Android\Sdk\platform-tools;C:\Users\WhiteCode\AppData\Local\Android\Sdk\tools;C:\Program Files\java\jdk1.8.0_202\bin;C:\Program Files\apache-maven-3.8.3\bin;C:\Program Files\nodejs\;C:\chromedriver_win32;C:\Program Files\apache-maven-3.8.3;C:\Program Files\Git\Git\cmd;C:\Users\WhiteCode\AppData\Roaming\npm;C:\Program Files\TestProject Agent
USERNAME=WhiteCode
OS=Windows_NT
PROCESSOR_IDENTIFIER=Intel64 Family 6 Model 42 Stepping 7, GenuineIntel



---------------  S Y S T E M  ---------------

OS: Windows 10.0 , 64 bit Build 19041 (10.0.19041.1348)

CPU:total 4 (initial active 4) (2 cores per cpu, 2 threads per core) family 6 model 42 stepping 7, cmov, cx8, fxsr, mmx, sse, sse2, sse3, ssse3, sse4.1, sse4.2, popcnt, avx, aes, clmul, ht, tsc, tscinvbit

Memory: 4k page, physical 12564332k(1607356k free), swap 12564332k(3612k free)

vm_info: Java HotSpot(TM) 64-Bit Server VM (25.202-b08) for windows-amd64 JRE (1.8.0_202-b08), built on Dec 15 2018 19:54:30 by "java_re" with MS VC++ 10.0 (VS2010)

time: Wed Dec 29 10:36:56 2021
timezone: SE Asia Standard Time
elapsed time: 44 seconds (0d 0h 0m 44s)

