#
# There is insufficient memory for the Java Runtime Environment to continue.
# Native memory allocation (malloc) failed to allocate 353696 bytes for Chunk::new
# Possible reasons:
#   The system is out of physical RAM or swap space
#   The process is running with CompressedOops enabled, and the Java Heap may be blocking the growth of the native heap
# Possible solutions:
#   Reduce memory load on the system
#   Increase physical memory or swap space
#   Check if swap backing store is full
#   Decrease Java heap size (-Xmx/-Xms)
#   Decrease number of Java threads
#   Decrease Java thread stack sizes (-Xss)
#   Set larger code cache with -XX:ReservedCodeCacheSize=
#   JVM is running with Zero Based Compressed Oops mode in which the Java heap is
#     placed in the first 32GB address space. The Java Heap base address is the
#     maximum limit for the native heap growth. Please use -XX:HeapBaseMinAddress
#     to set the Java Heap base and to place the Java Heap above 32GB virtual address.
# This output file may be truncated or incomplete.
#
#  Out of Memory Error (allocation.cpp:389), pid=2908, tid=0x0000000000004c14
#
# JRE version: Java(TM) SE Runtime Environment (8.0_202-b08) (build 1.8.0_202-b08)
# Java VM: Java HotSpot(TM) 64-Bit Server VM (25.202-b08 mixed mode windows-amd64 compressed oops)
# Failed to write core dump. Minidumps are not enabled by default on client versions of Windows
#

---------------  T H R E A D  ---------------

Current thread (0x0000000019d72800):  JavaThread "C2 CompilerThread0" daemon [_thread_in_native, id=19476, stack(0x000000001b3c0000,0x000000001b4c0000)]

Stack: [0x000000001b3c0000,0x000000001b4c0000]
[error occurred during error reporting (printing stack bounds), id 0xc0000005]

Native frames: (J=compiled Java code, j=interpreted, Vv=VM code, C=native code)


Current CompileTask:
C2:   2904 1497   !   4       java.net.URL::<init> (543 bytes)


---------------  P R O C E S S  ---------------

Java Threads: ( => current thread )
  0x0000000019dce000 JavaThread "Service Thread" daemon [_thread_blocked, id=3372, stack(0x000000001bac0000,0x000000001bbc0000)]
  0x0000000019d7e800 JavaThread "C1 CompilerThread2" daemon [_thread_blocked, id=21440, stack(0x000000001b5c0000,0x000000001b6c0000)]
  0x0000000019d78800 JavaThread "C2 CompilerThread1" daemon [_thread_blocked, id=16608, stack(0x000000001b4c0000,0x000000001b5c0000)]
=>0x0000000019d72800 JavaThread "C2 CompilerThread0" daemon [_thread_in_native, id=19476, stack(0x000000001b3c0000,0x000000001b4c0000)]
  0x0000000019d71000 JavaThread "Attach Listener" daemon [_thread_blocked, id=22028, stack(0x000000001b2c0000,0x000000001b3c0000)]
  0x0000000019d6f800 JavaThread "Signal Dispatcher" daemon [_thread_blocked, id=21656, stack(0x000000001b1c0000,0x000000001b2c0000)]
  0x0000000002c2c800 JavaThread "Finalizer" daemon [_thread_blocked, id=1788, stack(0x000000001afc0000,0x000000001b0c0000)]
  0x0000000019d5a000 JavaThread "Reference Handler" daemon [_thread_blocked, id=17324, stack(0x000000001aec0000,0x000000001afc0000)]
  0x0000000002b32800 JavaThread "main" [_thread_in_vm, id=9516, stack(0x0000000002a30000,0x0000000002b30000)]

Other Threads:
  0x0000000019d38800 VMThread [stack: 0x000000001adc0000,0x000000001aec0000] [id=18612]
  0x000000001b70a000 WatcherThread [stack: 0x000000001bbc0000,0x000000001bcc0000] [id=21592]

VM state:not at safepoint (normal execution)

VM Mutex/Monitor currently owned by a thread: None

heap address: 0x0000000700400000, size: 3068 MB, Compressed Oops mode: Zero based, Oop shift amount: 3
Narrow klass base: 0x0000000000000000, Narrow klass shift: 3
Compressed class space size: 1073741824 Address: 0x00000007c0000000

Heap:
 PSYoungGen      total 57344K, used 36836K [0x0000000780180000, 0x0000000784180000, 0x00000007c0000000)
  eden space 49152K, 58% used [0x0000000780180000,0x0000000781dc5b30,0x0000000783180000)
  from space 8192K, 96% used [0x0000000783180000,0x0000000783933800,0x0000000783980000)
  to   space 8192K, 0% used [0x0000000783980000,0x0000000783980000,0x0000000784180000)
 ParOldGen       total 131072K, used 16K [0x0000000700400000, 0x0000000708400000, 0x0000000780180000)
  object space 131072K, 0% used [0x0000000700400000,0x0000000700404000,0x0000000708400000)
 Metaspace       used 13491K, capacity 13712K, committed 13952K, reserved 1060864K
  class space    used 1692K, capacity 1808K, committed 1920K, reserved 1048576K

Card table byte_map: [0x0000000011ff0000,0x00000000125f0000] byte_map_base: 0x000000000e7ee000

Marking Bits: (ParMarkBitMap*) 0x0000000056835ce0
 Begin Bits: [0x0000000012df0000, 0x0000000015de0000)
 End Bits:   [0x0000000015de0000, 0x0000000018dd0000)

Polling page: 0x0000000000d10000

CodeCache: size=245760Kb used=5371Kb max_used=5382Kb free=240388Kb
 bounds [0x0000000002c30000, 0x0000000003180000, 0x0000000011c30000]
 total_blobs=1834 nmethods=1502 adapters=244
 compilation: enabled

Compilation events (10 events):
Event: 2.867 Thread 0x0000000019d7e800 1501       3       java.util.regex.Pattern$Slice::match (79 bytes)
Event: 2.868 Thread 0x0000000019d7e800 nmethod 1501 0x0000000003173050 code [0x00000000031731e0, 0x0000000003173698]
Event: 2.868 Thread 0x0000000019d7e800 1498       3       java.util.regex.Pattern::isSupplementary (20 bytes)
Event: 2.868 Thread 0x0000000019d7e800 nmethod 1498 0x0000000003172b50 code [0x0000000003172cc0, 0x0000000003172f90]
Event: 2.868 Thread 0x0000000019d7e800 1500       3       java.util.regex.Pattern::peek (26 bytes)
Event: 2.869 Thread 0x0000000019d7e800 nmethod 1500 0x00000000031725d0 code [0x0000000003172740, 0x0000000003172a08]
Event: 2.873 Thread 0x0000000019d78800 1502       4       java.net.URLStreamHandler::setURL (40 bytes)
Event: 2.876 Thread 0x0000000019d78800 nmethod 1502 0x0000000003170a90 code [0x0000000003170be0, 0x0000000003170f18]
Event: 2.886 Thread 0x0000000019d7e800 1503       3       java.util.Hashtable$Enumerator::next (27 bytes)
Event: 2.887 Thread 0x0000000019d7e800 nmethod 1503 0x0000000003172050 code [0x00000000031721e0, 0x0000000003172478]

GC Heap History (2 events):
Event: 1.955 GC heap before
{Heap before GC invocations=1 (full 0):
 PSYoungGen      total 57344K, used 49152K [0x0000000780180000, 0x0000000784180000, 0x00000007c0000000)
  eden space 49152K, 100% used [0x0000000780180000,0x0000000783180000,0x0000000783180000)
  from space 8192K, 0% used [0x0000000783980000,0x0000000783980000,0x0000000784180000)
  to   space 8192K, 0% used [0x0000000783180000,0x0000000783180000,0x0000000783980000)
 ParOldGen       total 131072K, used 0K [0x0000000700400000, 0x0000000708400000, 0x0000000780180000)
  object space 131072K, 0% used [0x0000000700400000,0x0000000700400000,0x0000000708400000)
 Metaspace       used 9547K, capacity 9678K, committed 9728K, reserved 1058816K
  class space    used 1169K, capacity 1243K, committed 1280K, reserved 1048576K
Event: 1.966 GC heap after
Heap after GC invocations=1 (full 0):
 PSYoungGen      total 57344K, used 7886K [0x0000000780180000, 0x0000000784180000, 0x00000007c0000000)
  eden space 49152K, 0% used [0x0000000780180000,0x0000000780180000,0x0000000783180000)
  from space 8192K, 96% used [0x0000000783180000,0x0000000783933800,0x0000000783980000)
  to   space 8192K, 0% used [0x0000000783980000,0x0000000783980000,0x0000000784180000)
 ParOldGen       total 131072K, used 16K [0x0000000700400000, 0x0000000708400000, 0x0000000780180000)
  object space 131072K, 0% used [0x0000000700400000,0x0000000700404000,0x0000000708400000)
 Metaspace       used 9547K, capacity 9678K, committed 9728K, reserved 1058816K
  class space    used 1169K, capacity 1243K, committed 1280K, reserved 1048576K
}

Deoptimization events (10 events):
Event: 1.278 Thread 0x0000000002b32800 Uncommon trap: reason=unstable_if action=reinterpret pc=0x0000000002edbc10 method=java.nio.charset.CoderResult.isOverflow()Z @ 5
Event: 1.407 Thread 0x0000000002b32800 Uncommon trap: reason=unstable_if action=reinterpret pc=0x0000000002ef48fc method=org.codehaus.plexus.util.xml.pull.MXParser.nextImpl()I @ 241
Event: 1.477 Thread 0x0000000002b32800 Uncommon trap: reason=unstable_if action=reinterpret pc=0x0000000002ee6bb4 method=sun.nio.cs.StreamDecoder.implRead([CII)I @ 197
Event: 1.533 Thread 0x0000000002b32800 Uncommon trap: reason=range_check action=make_not_entrant pc=0x0000000002f392a8 method=sun.reflect.generics.parser.SignatureParser.current()C @ 34
Event: 1.639 Thread 0x0000000002b32800 Uncommon trap: reason=unstable_if action=reinterpret pc=0x0000000002ea4884 method=sun.nio.cs.UTF_8$Decoder.decode([BII[C)I @ 30
Event: 1.797 Thread 0x0000000002b32800 Uncommon trap: reason=unstable_if action=reinterpret pc=0x0000000002e1609c method=sun.misc.MetaIndex.mayContain(Ljava/lang/String;)Z @ 38
Event: 2.679 Thread 0x0000000002b32800 Uncommon trap: reason=predicate action=maybe_recompile pc=0x0000000002eaf4c4 method=sun.net.www.ParseUtil.encodePath(Ljava/lang/String;Z)Ljava/lang/String; @ 36
Event: 2.836 Thread 0x0000000002b32800 Uncommon trap: reason=unstable_if action=reinterpret pc=0x000000000312dd98 method=org.eclipse.sisu.inject.InjectorBindings.isAssignableFrom(Lcom/google/inject/TypeLiteral;Lcom/google/inject/Binding;)Z @ 14
Event: 2.854 Thread 0x0000000002b32800 Uncommon trap: reason=unstable_if action=reinterpret pc=0x0000000002ef97a8 method=sun.nio.cs.StreamDecoder.implRead([CII)I @ 36
Event: 2.854 Thread 0x0000000002b32800 Uncommon trap: reason=unstable_if action=reinterpret pc=0x0000000002f006d0 method=sun.nio.cs.StreamDecoder.implRead([CII)I @ 36

Classes redefined (0 events):
No events

Internal exceptions (10 events):
Event: 0.382 Thread 0x0000000002b32800 Exception <a 'java/lang/NullPointerException'> (0x00000007805e4c00) thrown at [C:\re\workspace\8-2-build-windows-amd64-cygwin\jdk8u202\12323\hotspot\src\share\vm\interpreter\linkResolver.cpp, line 1185]
Event: 1.182 Thread 0x0000000002b32800 Exception <a 'java/lang/ArrayIndexOutOfBoundsException'> (0x0000000781434980) thrown at [C:\re\workspace\8-2-build-windows-amd64-cygwin\jdk8u202\12323\hotspot\src\share\vm\runtime\sharedRuntime.cpp, line 605]
Event: 1.187 Thread 0x0000000002b32800 Exception <a 'java/lang/ArrayIndexOutOfBoundsException'> (0x000000078144e778) thrown at [C:\re\workspace\8-2-build-windows-amd64-cygwin\jdk8u202\12323\hotspot\src\share\vm\runtime\sharedRuntime.cpp, line 605]
Event: 1.198 Thread 0x0000000002b32800 Exception <a 'java/lang/ArrayIndexOutOfBoundsException'> (0x000000078148e350) thrown at [C:\re\workspace\8-2-build-windows-amd64-cygwin\jdk8u202\12323\hotspot\src\share\vm\runtime\sharedRuntime.cpp, line 605]
Event: 1.207 Thread 0x0000000002b32800 Exception <a 'java/lang/NoClassDefFoundError': javax/enterprise/inject/Typed> (0x00000007814b8080) thrown at [C:\re\workspace\8-2-build-windows-amd64-cygwin\jdk8u202\12323\hotspot\src\share\vm\classfile\systemDictionary.cpp, line 199]
Event: 1.420 Thread 0x0000000002b32800 Exception <a 'java/lang/ArrayIndexOutOfBoundsException'> (0x0000000781d80200) thrown at [C:\re\workspace\8-2-build-windows-amd64-cygwin\jdk8u202\12323\hotspot\src\share\vm\runtime\sharedRuntime.cpp, line 605]
Event: 1.420 Thread 0x0000000002b32800 Exception <a 'java/lang/ArrayIndexOutOfBoundsException'> (0x0000000781d81d90) thrown at [C:\re\workspace\8-2-build-windows-amd64-cygwin\jdk8u202\12323\hotspot\src\share\vm\runtime\sharedRuntime.cpp, line 605]
Event: 1.533 Thread 0x0000000002b32800 Exception <a 'java/lang/ArrayIndexOutOfBoundsException': 66> (0x0000000782064ac0) thrown at [C:\re\workspace\8-2-build-windows-amd64-cygwin\jdk8u202\12323\hotspot\src\share\vm\interpreter\interpreterRuntime.cpp, line 368]
Event: 2.677 Thread 0x0000000002b32800 Exception <a 'java/lang/NoClassDefFoundError': com/google/inject/servlet/ServletModuleTargetVisitor> (0x00000007818aa938) thrown at [C:\re\workspace\8-2-build-windows-amd64-cygwin\jdk8u202\12323\hotspot\src\share\vm\classfile\systemDictionary.cpp, line 19
Event: 2.677 Thread 0x0000000002b32800 Exception <a 'java/lang/NoClassDefFoundError'> (0x00000007818aa938) thrown at [C:\re\workspace\8-2-build-windows-amd64-cygwin\jdk8u202\12323\hotspot\src\share\vm\prims\jvm.cpp, line 1506]

Events (10 events):
Event: 2.896 loading class org/eclipse/aether/util/graph/transformer/ConflictResolver$ScopeSelector
Event: 2.896 loading class org/eclipse/aether/util/graph/transformer/ConflictResolver$ScopeSelector done
Event: 2.896 loading class org/eclipse/aether/util/graph/transformer/JavaScopeSelector
Event: 2.896 loading class org/eclipse/aether/util/graph/transformer/JavaScopeSelector done
Event: 2.897 loading class org/eclipse/aether/util/graph/transformer/ConflictResolver$VersionSelector
Event: 2.897 loading class org/eclipse/aether/util/graph/transformer/ConflictResolver$VersionSelector done
Event: 2.897 loading class org/eclipse/aether/util/graph/transformer/NearestVersionSelector
Event: 2.897 loading class org/eclipse/aether/util/graph/transformer/NearestVersionSelector done
Event: 2.898 loading class org/eclipse/aether/artifact/ArtifactType
Event: 2.898 loading class org/eclipse/aether/artifact/ArtifactType done


Dynamic libraries:
0x00007ff655650000 - 0x00007ff655687000 	C:\Program Files\java\jdk1.8.0_202\bin\java.exe
0x00007ff8190d0000 - 0x00007ff8192c5000 	C:\Windows\SYSTEM32\ntdll.dll
0x00007ff818fd0000 - 0x00007ff81908e000 	C:\Windows\System32\KERNEL32.DLL
0x00007ff816a70000 - 0x00007ff816d38000 	C:\Windows\System32\KERNELBASE.dll
0x00007ff818040000 - 0x00007ff8180ee000 	C:\Windows\System32\ADVAPI32.dll
0x00007ff817110000 - 0x00007ff8171ae000 	C:\Windows\System32\msvcrt.dll
0x00007ff817780000 - 0x00007ff81781c000 	C:\Windows\System32\sechost.dll
0x00007ff818b60000 - 0x00007ff818c85000 	C:\Windows\System32\RPCRT4.dll
0x00007ff818dc0000 - 0x00007ff818f61000 	C:\Windows\System32\USER32.dll
0x00007ff8167e0000 - 0x00007ff816802000 	C:\Windows\System32\win32u.dll
0x00007ff818270000 - 0x00007ff81829b000 	C:\Windows\System32\GDI32.dll
0x00007ff816f70000 - 0x00007ff81707d000 	C:\Windows\System32\gdi32full.dll
0x00007ff816d40000 - 0x00007ff816ddd000 	C:\Windows\System32\msvcp_win.dll
0x00007ff816970000 - 0x00007ff816a70000 	C:\Windows\System32\ucrtbase.dll
0x00007ffffeb00000 - 0x00007ffffed9a000 	C:\Windows\WinSxS\amd64_microsoft.windows.common-controls_6595b64144ccf1df_6.0.19041.1110_none_60b5254171f9507e\COMCTL32.dll
0x00007ff818900000 - 0x00007ff818930000 	C:\Windows\System32\IMM32.DLL
0x00000000568c0000 - 0x0000000056992000 	C:\Program Files\java\jdk1.8.0_202\jre\bin\msvcr100.dll
0x0000000056010000 - 0x00000000568b5000 	C:\Program Files\java\jdk1.8.0_202\jre\bin\server\jvm.dll
0x00007ff818720000 - 0x00007ff818728000 	C:\Windows\System32\PSAPI.DLL
0x00007ff804b40000 - 0x00007ff804b49000 	C:\Windows\SYSTEM32\WSOCK32.dll
0x00007ff816360000 - 0x00007ff81636a000 	C:\Windows\SYSTEM32\VERSION.dll
0x00007ff80cd70000 - 0x00007ff80cd97000 	C:\Windows\SYSTEM32\WINMM.dll
0x00007ff8176b0000 - 0x00007ff81771b000 	C:\Windows\System32\WS2_32.dll
0x00007ff8121b0000 - 0x00007ff8121bf000 	C:\Program Files\java\jdk1.8.0_202\jre\bin\verify.dll
0x00007ff80f180000 - 0x00007ff80f1a9000 	C:\Program Files\java\jdk1.8.0_202\jre\bin\java.dll
0x00007ff810340000 - 0x00007ff810356000 	C:\Program Files\java\jdk1.8.0_202\jre\bin\zip.dll
0x00007ff817820000 - 0x00007ff817f64000 	C:\Windows\System32\SHELL32.dll
0x00007ff814860000 - 0x00007ff814ff5000 	C:\Windows\SYSTEM32\windows.storage.dll
0x00007ff817340000 - 0x00007ff817695000 	C:\Windows\System32\combase.dll
0x00007ff8161c0000 - 0x00007ff8161ee000 	C:\Windows\SYSTEM32\Wldp.dll
0x00007ff818840000 - 0x00007ff8188ed000 	C:\Windows\System32\SHCORE.dll
0x00007ff817720000 - 0x00007ff817775000 	C:\Windows\System32\shlwapi.dll
0x00007ff816720000 - 0x00007ff81673f000 	C:\Windows\SYSTEM32\profapi.dll
0x0000000069ac0000 - 0x0000000069ae4000 	C:\Program Files\apache-maven-3.8.3\lib\jansi-native\Windows\x86_64\jansi.dll

VM Arguments:
jvm_args: -Dclassworlds.conf=C:\Program Files\apache-maven-3.8.3\bin\m2.conf -Dmaven.home=C:\Program Files\apache-maven-3.8.3 -Dlibrary.jansi.path=C:\Program Files\apache-maven-3.8.3\lib\jansi-native -Dmaven.multiModuleProjectDirectory=C:\Users\WhiteCode\IdeaProjects\bhinneka.com_web_auto_testing 
java_command: org.codehaus.plexus.classworlds.launcher.Launcher clean verify
java_class_path (initial): C:\Program Files\apache-maven-3.8.3\boot\plexus-classworlds-2.6.0.jar
Launcher Type: SUN_STANDARD

Environment Variables:
JAVA_HOME=C:\Program Files\java\jdk1.8.0_202
CLASSPATH=C:\Program Files\java\jdk1.8.0_202\lib
PATH=C:\Users\WhiteCode\AppData\Local\Android\Sdk\emulator;C:\Windows\system32;C:\Windows;C:\Windows\System32\Wbem;C:\Windows\System32\WindowsPowerShell\v1.0\;C:\Windows\System32\OpenSSH\;C:\Program Files\Java\jdk-16.0.1\bin;C:\Program Files\Microsoft VS Code\bin;"C:\C:\Program Files\apache-maven-3.8.3\bin;";C:\Users\WhiteCode\AppData\Local\Android\Sdk\platform-tools;C:\Users\WhiteCode\AppData\Local\Android\Sdk\tools;C:\Program Files\java\jdk1.8.0_202\bin;C:\Program Files\apache-maven-3.8.3\bin;C:\Program Files\nodejs\;C:\chromedriver_win32;C:\Program Files\apache-maven-3.8.3;C:\Program Files\Git\Git\cmd;C:\Users\WhiteCode\AppData\Roaming\npm;C:\Program Files\TestProject Agent
USERNAME=WhiteCode
OS=Windows_NT
PROCESSOR_IDENTIFIER=Intel64 Family 6 Model 42 Stepping 7, GenuineIntel



---------------  S Y S T E M  ---------------

OS: Windows 10.0 , 64 bit Build 19041 (10.0.19041.1466)

CPU:total 4 (initial active 4) (2 cores per cpu, 2 threads per core) family 6 model 42 stepping 7, cmov, cx8, fxsr, mmx, sse, sse2, sse3, ssse3, sse4.1, sse4.2, popcnt, avx, aes, clmul, ht, tsc, tscinvbit

Memory: 4k page, physical 12564332k(1261876k free), swap 12564332k(5448k free)

vm_info: Java HotSpot(TM) 64-Bit Server VM (25.202-b08) for windows-amd64 JRE (1.8.0_202-b08), built on Dec 15 2018 19:54:30 by "java_re" with MS VC++ 10.0 (VS2010)

time: Mon Feb 07 13:02:39 2022
timezone: SE Asia Standard Time
elapsed time: 2 seconds (0d 0h 0m 2s)

