#
# There is insufficient memory for the Java Runtime Environment to continue.
# Native memory allocation (malloc) failed to allocate 99296 bytes for Chunk::new
# Possible reasons:
#   The system is out of physical RAM or swap space
#   The process is running with CompressedOops enabled, and the Java Heap may be blocking the growth of the native heap
# Possible solutions:
#   Reduce memory load on the system
#   Increase physical memory or swap space
#   Check if swap backing store is full
#   Decrease Java heap size (-Xmx/-Xms)
#   Decrease number of Java threads
#   Decrease Java thread stack sizes (-Xss)
#   Set larger code cache with -XX:ReservedCodeCacheSize=
#   JVM is running with Zero Based Compressed Oops mode in which the Java heap is
#     placed in the first 32GB address space. The Java Heap base address is the
#     maximum limit for the native heap growth. Please use -XX:HeapBaseMinAddress
#     to set the Java Heap base and to place the Java Heap above 32GB virtual address.
# This output file may be truncated or incomplete.
#
#  Out of Memory Error (allocation.cpp:389), pid=2108, tid=0x00000000000022d0
#
# JRE version: Java(TM) SE Runtime Environment (8.0_202-b08) (build 1.8.0_202-b08)
# Java VM: Java HotSpot(TM) 64-Bit Server VM (25.202-b08 mixed mode windows-amd64 compressed oops)
# Failed to write core dump. Minidumps are not enabled by default on client versions of Windows
#

---------------  T H R E A D  ---------------

Current thread (0x0000000019af0800):  JavaThread "C2 CompilerThread0" daemon [_thread_in_native, id=8912, stack(0x000000001b610000,0x000000001b710000)]

Stack: [0x000000001b610000,0x000000001b710000]
[error occurred during error reporting (printing stack bounds), id 0xc0000005]

Native frames: (J=compiled Java code, j=interpreted, Vv=VM code, C=native code)


Current CompileTask:
C2:  72382 3863       4       java.util.stream.AbstractPipeline::wrapAndCopyInto (18 bytes)


---------------  P R O C E S S  ---------------

Java Threads: ( => current thread )
  0x000000002128c800 JavaThread "Darkroom Processing Line" daemon [_thread_blocked, id=8176, stack(0x000000001edf0000,0x000000001eef0000)]
  0x000000002128d800 JavaThread "Okio Watchdog" daemon [_thread_blocked, id=3548, stack(0x0000000024710000,0x0000000024810000)]
  0x0000000021292000 JavaThread "OkHttp ConnectionPool" daemon [_thread_blocked, id=7752, stack(0x0000000024610000,0x0000000024710000)]
  0x000000001cdeb000 JavaThread "Exec Stream Pumper" daemon [_thread_in_native, id=21092, stack(0x0000000024010000,0x0000000024110000)]
  0x000000001cde9800 JavaThread "Exec Stream Pumper" daemon [_thread_in_native, id=14592, stack(0x0000000023f10000,0x0000000024010000)]
  0x000000001cdea000 JavaThread "UrlChecker-2" daemon [_thread_blocked, id=10952, stack(0x0000000022b40000,0x0000000022c40000)]
  0x000000001cde7000 JavaThread "Exec Default Executor" daemon [_thread_in_native, id=6232, stack(0x000000001ef00000,0x000000001f000000)]
  0x000000001b1a1800 JavaThread "Service Thread" daemon [_thread_blocked, id=20924, stack(0x000000001b910000,0x000000001ba10000)]
  0x0000000019b1c000 JavaThread "C1 CompilerThread2" daemon [_thread_blocked, id=20540, stack(0x000000001b810000,0x000000001b910000)]
  0x0000000019af3800 JavaThread "C2 CompilerThread1" daemon [_thread_blocked, id=20724, stack(0x000000001b710000,0x000000001b810000)]
=>0x0000000019af0800 JavaThread "C2 CompilerThread0" daemon [_thread_in_native, id=8912, stack(0x000000001b610000,0x000000001b710000)]
  0x000000001b153000 JavaThread "Monitor Ctrl-Break" daemon [_thread_in_native, id=11536, stack(0x000000001b510000,0x000000001b610000)]
  0x0000000019ad4000 JavaThread "Attach Listener" daemon [_thread_blocked, id=18884, stack(0x000000001b010000,0x000000001b110000)]
  0x0000000019ad1800 JavaThread "Signal Dispatcher" daemon [_thread_blocked, id=16012, stack(0x000000001af10000,0x000000001b010000)]
  0x0000000019ab2800 JavaThread "Finalizer" daemon [_thread_blocked, id=2768, stack(0x000000001ad10000,0x000000001ae10000)]
  0x0000000019aaa800 JavaThread "Reference Handler" daemon [_thread_blocked, id=5556, stack(0x000000001ac10000,0x000000001ad10000)]
  0x000000000277a000 JavaThread "Forwarding getCurrentUrl on session 20488de710c8497c361b9ff1210eb605 to remote" [_thread_in_vm, id=3768, stack(0x0000000002670000,0x0000000002770000)]

Other Threads:
  0x0000000019a87000 VMThread [stack: 0x000000001ab10000,0x000000001ac10000] [id=22316]
  0x000000001b25f800 WatcherThread [stack: 0x000000001ba10000,0x000000001bb10000] [id=13192]

VM state:not at safepoint (normal execution)

VM Mutex/Monitor currently owned by a thread:  ([mutex/lock_event])
[0x000000000278a2b0] CompiledIC_lock - owner thread: 0x0000000000000000

heap address: 0x0000000700400000, size: 3068 MB, Compressed Oops mode: Zero based, Oop shift amount: 3
Narrow klass base: 0x0000000000000000, Narrow klass shift: 3
Compressed class space size: 1073741824 Address: 0x00000007c0000000

Heap:
 PSYoungGen      total 102400K, used 44020K [0x0000000780180000, 0x0000000788800000, 0x00000007c0000000)
  eden space 93184K, 47% used [0x0000000780180000,0x0000000782c7d018,0x0000000785c80000)
  from space 9216K, 0% used [0x0000000786580000,0x0000000786580000,0x0000000786e80000)
  to   space 9216K, 0% used [0x0000000785c80000,0x0000000785c80000,0x0000000786580000)
 ParOldGen       total 78848K, used 10355K [0x0000000700400000, 0x0000000705100000, 0x0000000780180000)
  object space 78848K, 13% used [0x0000000700400000,0x0000000700e1cef8,0x0000000705100000)
 Metaspace       used 35070K, capacity 36224K, committed 36352K, reserved 1081344K
  class space    used 4771K, capacity 5070K, committed 5120K, reserved 1048576K

Card table byte_map: [0x0000000011d40000,0x0000000012340000] byte_map_base: 0x000000000e53e000

Marking Bits: (ParMarkBitMap*) 0x0000000056835ce0
 Begin Bits: [0x0000000012b40000, 0x0000000015b30000)
 End Bits:   [0x0000000015b30000, 0x0000000018b20000)

Polling page: 0x00000000003f0000

CodeCache: size=245760Kb used=10481Kb max_used=10541Kb free=235278Kb
 bounds [0x0000000002980000, 0x00000000033e0000, 0x0000000011980000]
 total_blobs=3827 nmethods=3344 adapters=395
 compilation: enabled

Compilation events (10 events):
Event: 72.373 Thread 0x0000000019af0800 nmethod 3858 0x0000000002aae2d0 code [0x0000000002aae420, 0x0000000002aae518]
Event: 72.373 Thread 0x0000000019b1c000 3860       1       java.lang.Thread::getName (5 bytes)
Event: 72.373 Thread 0x0000000019b1c000 nmethod 3860 0x0000000002b1e690 code [0x0000000002b1e7e0, 0x0000000002b1e8f0]
Event: 72.373 Thread 0x0000000019af0800 3863       4       java.util.stream.AbstractPipeline::wrapAndCopyInto (18 bytes)
Event: 72.374 Thread 0x0000000019b1c000 3861   !   3       java.util.Locale::getDefault (132 bytes)
Event: 72.375 Thread 0x0000000019b1c000 nmethod 3861 0x0000000002d8f150 code [0x0000000002d8f320, 0x0000000002d8fb58]
Event: 72.375 Thread 0x0000000019b1c000 3862       3       com.google.common.collect.AbstractMapBasedMultimap$KeySet$1::hasNext (10 bytes)
Event: 72.375 Thread 0x0000000019b1c000 nmethod 3862 0x0000000002c30cd0 code [0x0000000002c30e40, 0x0000000002c31068]
Event: 72.376 Thread 0x0000000019b1c000 3864       3       java.net.URI::access$2800 (4 bytes)
Event: 72.376 Thread 0x0000000019b1c000 nmethod 3864 0x0000000002cea310 code [0x0000000002cea460, 0x0000000002cea590]

GC Heap History (10 events):
Event: 26.070 GC heap before
{Heap before GC invocations=10 (full 1):
 PSYoungGen      total 84480K, used 77449K [0x0000000780180000, 0x0000000785e80000, 0x00000007c0000000)
  eden space 74752K, 100% used [0x0000000780180000,0x0000000784a80000,0x0000000784a80000)
  from space 9728K, 27% used [0x0000000785400000,0x00000007856a2428,0x0000000785d80000)
  to   space 9728K, 0% used [0x0000000784a80000,0x0000000784a80000,0x0000000785400000)
 ParOldGen       total 75776K, used 6971K [0x0000000700400000, 0x0000000704e00000, 0x0000000780180000)
  object space 75776K, 9% used [0x0000000700400000,0x0000000700acedf8,0x0000000704e00000)
 Metaspace       used 33015K, capacity 34160K, committed 34304K, reserved 1079296K
  class space    used 4578K, capacity 4840K, committed 4864K, reserved 1048576K
Event: 26.084 GC heap after
Heap after GC invocations=10 (full 1):
 PSYoungGen      total 84480K, used 6375K [0x0000000780180000, 0x0000000787400000, 0x00000007c0000000)
  eden space 74752K, 0% used [0x0000000780180000,0x0000000780180000,0x0000000784a80000)
  from space 9728K, 65% used [0x0000000784a80000,0x00000007850b9fa0,0x0000000785400000)
  to   space 9728K, 0% used [0x0000000786a80000,0x0000000786a80000,0x0000000787400000)
 ParOldGen       total 75776K, used 7862K [0x0000000700400000, 0x0000000704e00000, 0x0000000780180000)
  object space 75776K, 10% used [0x0000000700400000,0x0000000700bad880,0x0000000704e00000)
 Metaspace       used 33015K, capacity 34160K, committed 34304K, reserved 1079296K
  class space    used 4578K, capacity 4840K, committed 4864K, reserved 1048576K
}
Event: 31.079 GC heap before
{Heap before GC invocations=11 (full 1):
 PSYoungGen      total 84480K, used 81127K [0x0000000780180000, 0x0000000787400000, 0x00000007c0000000)
  eden space 74752K, 100% used [0x0000000780180000,0x0000000784a80000,0x0000000784a80000)
  from space 9728K, 65% used [0x0000000784a80000,0x00000007850b9fa0,0x0000000785400000)
  to   space 9728K, 0% used [0x0000000786a80000,0x0000000786a80000,0x0000000787400000)
 ParOldGen       total 75776K, used 7862K [0x0000000700400000, 0x0000000704e00000, 0x0000000780180000)
  object space 75776K, 10% used [0x0000000700400000,0x0000000700bad880,0x0000000704e00000)
 Metaspace       used 34127K, capacity 35166K, committed 35200K, reserved 1079296K
  class space    used 4709K, capacity 4985K, committed 4992K, reserved 1048576K
Event: 31.087 GC heap after
Heap after GC invocations=11 (full 1):
 PSYoungGen      total 102400K, used 4820K [0x0000000780180000, 0x0000000787100000, 0x00000007c0000000)
  eden space 95744K, 0% used [0x0000000780180000,0x0000000780180000,0x0000000785f00000)
  from space 6656K, 72% used [0x0000000786a80000,0x0000000786f35398,0x0000000787100000)
  to   space 9216K, 0% used [0x0000000785f00000,0x0000000785f00000,0x0000000786800000)
 ParOldGen       total 75776K, used 8265K [0x0000000700400000, 0x0000000704e00000, 0x0000000780180000)
  object space 75776K, 10% used [0x0000000700400000,0x0000000700c12630,0x0000000704e00000)
 Metaspace       used 34127K, capacity 35166K, committed 35200K, reserved 1079296K
  class space    used 4709K, capacity 4985K, committed 4992K, reserved 1048576K
}
Event: 39.995 GC heap before
{Heap before GC invocations=12 (full 1):
 PSYoungGen      total 102400K, used 100564K [0x0000000780180000, 0x0000000787100000, 0x00000007c0000000)
  eden space 95744K, 100% used [0x0000000780180000,0x0000000785f00000,0x0000000785f00000)
  from space 6656K, 72% used [0x0000000786a80000,0x0000000786f35398,0x0000000787100000)
  to   space 9216K, 0% used [0x0000000785f00000,0x0000000785f00000,0x0000000786800000)
 ParOldGen       total 75776K, used 8265K [0x0000000700400000, 0x0000000704e00000, 0x0000000780180000)
  object space 75776K, 10% used [0x0000000700400000,0x0000000700c12630,0x0000000704e00000)
 Metaspace       used 34289K, capacity 35400K, committed 35456K, reserved 1079296K
  class space    used 4715K, capacity 4990K, committed 4992K, reserved 1048576K
Event: 40.004 GC heap after
Heap after GC invocations=12 (full 1):
 PSYoungGen      total 97280K, used 3958K [0x0000000780180000, 0x0000000786e80000, 0x00000007c0000000)
  eden space 93184K, 0% used [0x0000000780180000,0x0000000780180000,0x0000000785c80000)
  from space 4096K, 96% used [0x0000000785f00000,0x00000007862dd998,0x0000000786300000)
  to   space 9216K, 0% used [0x0000000786580000,0x0000000786580000,0x0000000786e80000)
 ParOldGen       total 75776K, used 8273K [0x0000000700400000, 0x0000000704e00000, 0x0000000780180000)
  object space 75776K, 10% used [0x0000000700400000,0x0000000700c14630,0x0000000704e00000)
 Metaspace       used 34289K, capacity 35400K, committed 35456K, reserved 1079296K
  class space    used 4715K, capacity 4990K, committed 4992K, reserved 1048576K
}
Event: 40.774 GC heap before
{Heap before GC invocations=13 (full 1):
 PSYoungGen      total 97280K, used 17344K [0x0000000780180000, 0x0000000786e80000, 0x00000007c0000000)
  eden space 93184K, 14% used [0x0000000780180000,0x0000000780e926d8,0x0000000785c80000)
  from space 4096K, 96% used [0x0000000785f00000,0x00000007862dd998,0x0000000786300000)
  to   space 9216K, 0% used [0x0000000786580000,0x0000000786580000,0x0000000786e80000)
 ParOldGen       total 75776K, used 8273K [0x0000000700400000, 0x0000000704e00000, 0x0000000780180000)
  object space 75776K, 10% used [0x0000000700400000,0x0000000700c14630,0x0000000704e00000)
 Metaspace       used 34317K, capacity 35400K, committed 35456K, reserved 1079296K
  class space    used 4715K, capacity 4990K, committed 4992K, reserved 1048576K
Event: 40.781 GC heap after
Heap after GC invocations=13 (full 1):
 PSYoungGen      total 102400K, used 3897K [0x0000000780180000, 0x0000000788800000, 0x00000007c0000000)
  eden space 93184K, 0% used [0x0000000780180000,0x0000000780180000,0x0000000785c80000)
  from space 9216K, 42% used [0x0000000786580000,0x000000078694e470,0x0000000786e80000)
  to   space 9216K, 0% used [0x0000000785c80000,0x0000000785c80000,0x0000000786580000)
 ParOldGen       total 75776K, used 8281K [0x0000000700400000, 0x0000000704e00000, 0x0000000780180000)
  object space 75776K, 10% used [0x0000000700400000,0x0000000700c16630,0x0000000704e00000)
 Metaspace       used 34317K, capacity 35400K, committed 35456K, reserved 1079296K
  class space    used 4715K, capacity 4990K, committed 4992K, reserved 1048576K
}
Event: 40.781 GC heap before
{Heap before GC invocations=14 (full 2):
 PSYoungGen      total 102400K, used 3897K [0x0000000780180000, 0x0000000788800000, 0x00000007c0000000)
  eden space 93184K, 0% used [0x0000000780180000,0x0000000780180000,0x0000000785c80000)
  from space 9216K, 42% used [0x0000000786580000,0x000000078694e470,0x0000000786e80000)
  to   space 9216K, 0% used [0x0000000785c80000,0x0000000785c80000,0x0000000786580000)
 ParOldGen       total 75776K, used 8281K [0x0000000700400000, 0x0000000704e00000, 0x0000000780180000)
  object space 75776K, 10% used [0x0000000700400000,0x0000000700c16630,0x0000000704e00000)
 Metaspace       used 34317K, capacity 35400K, committed 35456K, reserved 1079296K
  class space    used 4715K, capacity 4990K, committed 4992K, reserved 1048576K
Event: 40.847 GC heap after
Heap after GC invocations=14 (full 2):
 PSYoungGen      total 102400K, used 0K [0x0000000780180000, 0x0000000788800000, 0x00000007c0000000)
  eden space 93184K, 0% used [0x0000000780180000,0x0000000780180000,0x0000000785c80000)
  from space 9216K, 0% used [0x0000000786580000,0x0000000786580000,0x0000000786e80000)
  to   space 9216K, 0% used [0x0000000785c80000,0x0000000785c80000,0x0000000786580000)
 ParOldGen       total 78848K, used 10355K [0x0000000700400000, 0x0000000705100000, 0x0000000780180000)
  object space 78848K, 13% used [0x0000000700400000,0x0000000700e1cef8,0x0000000705100000)
 Metaspace       used 34317K, capacity 35400K, committed 35456K, reserved 1079296K
  class space    used 4715K, capacity 4990K, committed 4992K, reserved 1048576K
}

Deoptimization events (10 events):
Event: 33.007 Thread 0x000000000277a000 Uncommon trap: reason=unstable_if action=reinterpret pc=0x0000000003293f8c method=net.bytebuddy.implementation.bytecode.assign.primitive.VoidAwareAssigner.assign(Lnet/bytebuddy/description/type/TypeDescription$Generic;Lnet/bytebuddy/description/type/TypeD
Event: 33.008 Thread 0x000000000277a000 Uncommon trap: reason=class_check action=maybe_recompile pc=0x000000000320b358 method=net.bytebuddy.description.type.TypeDescription$Generic$OfNonGenericType.isPrimitive()Z @ 1
Event: 33.009 Thread 0x000000000277a000 Uncommon trap: reason=bimorphic action=maybe_recompile pc=0x00000000032ab564 method=net.bytebuddy.implementation.bytecode.assign.reference.ReferenceTypeAwareAssigner.assign(Lnet/bytebuddy/description/type/TypeDescription$Generic;Lnet/bytebuddy/description
Event: 33.011 Thread 0x000000000277a000 Uncommon trap: reason=bimorphic action=maybe_recompile pc=0x00000000032ab564 method=net.bytebuddy.implementation.bytecode.assign.reference.ReferenceTypeAwareAssigner.assign(Lnet/bytebuddy/description/type/TypeDescription$Generic;Lnet/bytebuddy/description
Event: 33.016 Thread 0x000000000277a000 Uncommon trap: reason=bimorphic action=maybe_recompile pc=0x00000000032ab564 method=net.bytebuddy.implementation.bytecode.assign.reference.ReferenceTypeAwareAssigner.assign(Lnet/bytebuddy/description/type/TypeDescription$Generic;Lnet/bytebuddy/description
Event: 33.017 Thread 0x000000000277a000 Uncommon trap: reason=bimorphic action=maybe_recompile pc=0x00000000032ab564 method=net.bytebuddy.implementation.bytecode.assign.reference.ReferenceTypeAwareAssigner.assign(Lnet/bytebuddy/description/type/TypeDescription$Generic;Lnet/bytebuddy/description
Event: 33.708 Thread 0x000000000277a000 Uncommon trap: reason=class_check action=maybe_recompile pc=0x0000000002e73300 method=java.lang.AbstractStringBuilder.append(Ljava/lang/CharSequence;)Ljava/lang/AbstractStringBuilder; @ 26
Event: 33.708 Thread 0x000000000277a000 Uncommon trap: reason=class_check action=maybe_recompile pc=0x00000000030d3adc method=java.lang.AbstractStringBuilder.append(Ljava/lang/CharSequence;II)Ljava/lang/AbstractStringBuilder; @ 18
Event: 33.709 Thread 0x000000000277a000 Uncommon trap: reason=unstable_if action=reinterpret pc=0x0000000002b3a798 method=sun.nio.cs.UTF_8$Encoder.encode([CII[B)I @ 33
Event: 57.143 Thread 0x000000000277a000 Uncommon trap: reason=unstable_if action=reinterpret pc=0x0000000002f7929c method=org.openqa.selenium.json.JsonInput.readString()Ljava/lang/String; @ 51

Classes redefined (0 events):
No events

Internal exceptions (10 events):
Event: 41.824 Thread 0x000000000277a000 Exception <a 'java/net/SocketTimeoutException': Read timed out> (0x0000000781f1c798) thrown at [C:\re\workspace\8-2-build-windows-amd64-cygwin\jdk8u202\12323\hotspot\src\share\vm\prims\jni.cpp, line 736]
Event: 42.125 Thread 0x000000002128c800 Exception <a 'sun/nio/fs/WindowsException'> (0x0000000780ae5198) thrown at [C:\re\workspace\8-2-build-windows-amd64-cygwin\jdk8u202\12323\hotspot\src\share\vm\prims\jni.cpp, line 710]
Event: 42.125 Thread 0x000000002128c800 Exception <a 'sun/nio/fs/WindowsException'> (0x0000000780ae5aa8) thrown at [C:\re\workspace\8-2-build-windows-amd64-cygwin\jdk8u202\12323\hotspot\src\share\vm\prims\jni.cpp, line 710]
Event: 42.126 Thread 0x000000002128c800 Exception <a 'sun/nio/fs/WindowsException'> (0x0000000780ae7ff0) thrown at [C:\re\workspace\8-2-build-windows-amd64-cygwin\jdk8u202\12323\hotspot\src\share\vm\prims\jni.cpp, line 710]
Event: 42.126 Thread 0x000000002128c800 Exception <a 'sun/nio/fs/WindowsException'> (0x0000000780ae8900) thrown at [C:\re\workspace\8-2-build-windows-amd64-cygwin\jdk8u202\12323\hotspot\src\share\vm\prims\jni.cpp, line 710]
Event: 42.128 Thread 0x000000002128c800 Exception <a 'sun/nio/fs/WindowsException'> (0x0000000780ae92a8) thrown at [C:\re\workspace\8-2-build-windows-amd64-cygwin\jdk8u202\12323\hotspot\src\share\vm\prims\jni.cpp, line 710]
Event: 42.129 Thread 0x000000002128c800 Exception <a 'sun/nio/fs/WindowsException'> (0x0000000780ae9a10) thrown at [C:\re\workspace\8-2-build-windows-amd64-cygwin\jdk8u202\12323\hotspot\src\share\vm\prims\jni.cpp, line 710]
Event: 42.136 Thread 0x000000000277a000 Exception <a 'java/net/SocketTimeoutException': Read timed out> (0x00000007827c50a8) thrown at [C:\re\workspace\8-2-build-windows-amd64-cygwin\jdk8u202\12323\hotspot\src\share\vm\prims\jni.cpp, line 736]
Event: 57.145 Thread 0x000000000277a000 Exception <a 'java/lang/NoSuchMethodError': java.lang.Object.lambda$comparingInt$7b0bb60$1(Ljava/util/function/ToIntFunction;Ljava/lang/Object;Ljava/lang/Object;)I> (0x00000007827e5cf0) thrown at [C:\re\workspace\8-2-build-windows-amd64-cygwin\jdk8u202\12
Event: 72.270 Thread 0x000000000277a000 Exception <a 'java/lang/reflect/InvocationTargetException'> (0x0000000782834c58) thrown at [C:\re\workspace\8-2-build-windows-amd64-cygwin\jdk8u202\12323\hotspot\src\share\vm\runtime\reflection.cpp, line 1092]

Events (10 events):
Event: 72.374 Thread 0x0000000019b1c000 flushing nmethod 0x0000000002dbc390
Event: 72.375 Thread 0x0000000019b1c000 flushing nmethod 0x0000000002dd5ad0
Event: 72.375 Thread 0x0000000019b1c000 flushing nmethod 0x0000000002dd9fd0
Event: 72.375 Thread 0x0000000019b1c000 flushing nmethod 0x0000000002ddc010
Event: 72.375 Thread 0x0000000019b1c000 flushing nmethod 0x0000000002ddd990
Event: 72.375 Thread 0x0000000019b1c000 flushing nmethod 0x0000000002e29410
Event: 72.375 Thread 0x0000000019b1c000 flushing nmethod 0x0000000002e5a510
Event: 72.375 Thread 0x0000000019b1c000 flushing nmethod 0x0000000002e5f210
Event: 72.376 Thread 0x0000000019b1c000 flushing nmethod 0x0000000002edfcd0
Event: 72.376 Thread 0x0000000019b1c000 flushing nmethod 0x0000000002ef3910


Dynamic libraries:
0x00007ff655650000 - 0x00007ff655687000 	C:\Program Files\Java\jdk1.8.0_202\bin\java.exe
0x00007ff8190d0000 - 0x00007ff8192c5000 	C:\Windows\SYSTEM32\ntdll.dll
0x00007ff818fd0000 - 0x00007ff81908e000 	C:\Windows\System32\KERNEL32.DLL
0x00007ff816a70000 - 0x00007ff816d38000 	C:\Windows\System32\KERNELBASE.dll
0x00007ff818040000 - 0x00007ff8180ee000 	C:\Windows\System32\ADVAPI32.dll
0x00007ff817110000 - 0x00007ff8171ae000 	C:\Windows\System32\msvcrt.dll
0x00007ff817780000 - 0x00007ff81781c000 	C:\Windows\System32\sechost.dll
0x00007ff818b60000 - 0x00007ff818c85000 	C:\Windows\System32\RPCRT4.dll
0x00007ff818dc0000 - 0x00007ff818f61000 	C:\Windows\System32\USER32.dll
0x00007ff8167e0000 - 0x00007ff816802000 	C:\Windows\System32\win32u.dll
0x00007ff818270000 - 0x00007ff81829b000 	C:\Windows\System32\GDI32.dll
0x00007ff816f70000 - 0x00007ff81707d000 	C:\Windows\System32\gdi32full.dll
0x00007ff816d40000 - 0x00007ff816ddd000 	C:\Windows\System32\msvcp_win.dll
0x00007ff816970000 - 0x00007ff816a70000 	C:\Windows\System32\ucrtbase.dll
0x00007ffffeb00000 - 0x00007ffffed9a000 	C:\Windows\WinSxS\amd64_microsoft.windows.common-controls_6595b64144ccf1df_6.0.19041.1110_none_60b5254171f9507e\COMCTL32.dll
0x00007ff818900000 - 0x00007ff818930000 	C:\Windows\System32\IMM32.DLL
0x00000000568c0000 - 0x0000000056992000 	C:\Program Files\Java\jdk1.8.0_202\jre\bin\msvcr100.dll
0x0000000056010000 - 0x00000000568b5000 	C:\Program Files\Java\jdk1.8.0_202\jre\bin\server\jvm.dll
0x00007ff818720000 - 0x00007ff818728000 	C:\Windows\System32\PSAPI.DLL
0x00007ff804b40000 - 0x00007ff804b49000 	C:\Windows\SYSTEM32\WSOCK32.dll
0x00007ff8176b0000 - 0x00007ff81771b000 	C:\Windows\System32\WS2_32.dll
0x00007ff816360000 - 0x00007ff81636a000 	C:\Windows\SYSTEM32\VERSION.dll
0x00007ff80cd70000 - 0x00007ff80cd97000 	C:\Windows\SYSTEM32\WINMM.dll
0x00007ff8121b0000 - 0x00007ff8121bf000 	C:\Program Files\Java\jdk1.8.0_202\jre\bin\verify.dll
0x00007ff80f180000 - 0x00007ff80f1a9000 	C:\Program Files\Java\jdk1.8.0_202\jre\bin\java.dll
0x00007ffffb790000 - 0x00007ffffb7b3000 	C:\Program Files\Java\jdk1.8.0_202\jre\bin\instrument.dll
0x00007ff810340000 - 0x00007ff810356000 	C:\Program Files\Java\jdk1.8.0_202\jre\bin\zip.dll
0x00007ff817820000 - 0x00007ff817f64000 	C:\Windows\System32\SHELL32.dll
0x00007ff814860000 - 0x00007ff814ff5000 	C:\Windows\SYSTEM32\windows.storage.dll
0x00007ff817340000 - 0x00007ff817695000 	C:\Windows\System32\combase.dll
0x00007ff8161c0000 - 0x00007ff8161ee000 	C:\Windows\SYSTEM32\Wldp.dll
0x00007ff818840000 - 0x00007ff8188ed000 	C:\Windows\System32\SHCORE.dll
0x00007ff817720000 - 0x00007ff817775000 	C:\Windows\System32\shlwapi.dll
0x00007ff816720000 - 0x00007ff81673f000 	C:\Windows\SYSTEM32\profapi.dll
0x00007ff80c490000 - 0x00007ff80c4aa000 	C:\Program Files\JetBrains\IntelliJ IDEA Community Edition 2021.3\bin\breakgen64.dll
0x00007ff80f590000 - 0x00007ff80f5aa000 	C:\Program Files\java\jdk1.8.0_202\jre\bin\net.dll
0x00007ff80b030000 - 0x00007ff80b21b000 	C:\Windows\SYSTEM32\urlmon.dll
0x00007ff80b390000 - 0x00007ff80b640000 	C:\Windows\SYSTEM32\iertutil.dll
0x00007ff80cc30000 - 0x00007ff80cc58000 	C:\Windows\SYSTEM32\srvcli.dll
0x00007ff815c00000 - 0x00007ff815c0c000 	C:\Windows\SYSTEM32\netutils.dll
0x00007ff815f20000 - 0x00007ff815f8a000 	C:\Windows\system32\mswsock.dll
0x00007ff80f430000 - 0x00007ff80f442000 	C:\Program Files\java\jdk1.8.0_202\jre\bin\nio.dll
0x00007fffe8820000 - 0x00007fffe89b9000 	C:\Program Files\java\jdk1.8.0_202\jre\bin\awt.dll
0x00007ff817f70000 - 0x00007ff81803d000 	C:\Windows\System32\OLEAUT32.dll
0x00007ff814080000 - 0x00007ff814110000 	C:\Windows\SYSTEM32\apphelp.dll
0x00007ff815c10000 - 0x00007ff815cdb000 	C:\Windows\SYSTEM32\DNSAPI.dll
0x00007ff815bc0000 - 0x00007ff815bfb000 	C:\Windows\SYSTEM32\IPHLPAPI.DLL
0x00007ff8176a0000 - 0x00007ff8176a8000 	C:\Windows\System32\NSI.dll
0x00007ff8065a0000 - 0x00007ff8065aa000 	C:\Windows\System32\rasadhlp.dll
0x00007ff80c5a0000 - 0x00007ff80c61f000 	C:\Windows\System32\fwpuclnt.dll
0x00007ff8170e0000 - 0x00007ff817107000 	C:\Windows\System32\bcrypt.dll
0x00007ffff84c0000 - 0x00007ffff84e4000 	C:\Program Files\java\jdk1.8.0_202\jre\bin\sunec.dll
0x00007ff80ee60000 - 0x00007ff80ee6b000 	C:\Program Files\java\jdk1.8.0_202\jre\bin\sunmscapi.dll
0x00007ff816810000 - 0x00007ff816966000 	C:\Windows\System32\CRYPT32.dll
0x00007ff80d150000 - 0x00007ff80d167000 	C:\Windows\SYSTEM32\dhcpcsvc6.DLL
0x00007ff80cf80000 - 0x00007ff80cf9d000 	C:\Windows\SYSTEM32\dhcpcsvc.DLL
0x00007ff816110000 - 0x00007ff816128000 	C:\Windows\SYSTEM32\CRYPTSP.dll
0x00007ff8157d0000 - 0x00007ff815804000 	C:\Windows\system32\rsaenh.dll
0x00007ff8166a0000 - 0x00007ff8166ce000 	C:\Windows\SYSTEM32\USERENV.dll
0x00007ff816e90000 - 0x00007ff816f12000 	C:\Windows\System32\bcryptprimitives.dll
0x00007ff816130000 - 0x00007ff81613c000 	C:\Windows\SYSTEM32\CRYPTBASE.dll
0x00007ffffbe80000 - 0x00007ffffbe97000 	C:\Windows\system32\napinsp.dll
0x00007ffffbe60000 - 0x00007ffffbe7b000 	C:\Windows\system32\pnrpnsp.dll
0x00007ff810f70000 - 0x00007ff810f85000 	C:\Windows\system32\wshbth.dll
0x00007ff8120e0000 - 0x00007ff8120fd000 	C:\Windows\system32\NLAapi.dll
0x00007ffffbdd0000 - 0x00007ffffbde2000 	C:\Windows\System32\winrnr.dll

VM Arguments:
jvm_args: -ea -Didea.test.cyclic.buffer.size=1048576 -javaagent:C:\Program Files\JetBrains\IntelliJ IDEA Community Edition 2021.3\lib\idea_rt.jar=49847:C:\Program Files\JetBrains\IntelliJ IDEA Community Edition 2021.3\bin -Dfile.encoding=UTF-8 
java_command: com.intellij.rt.junit.JUnitStarter -ideVersion5 -junit4 starter.TestSuite
java_class_path (initial): C:\Program Files\JetBrains\IntelliJ IDEA Community Edition 2021.3\lib\idea_rt.jar;C:\Program Files\JetBrains\IntelliJ IDEA Community Edition 2021.3\plugins\junit\lib\junit5-rt.jar;C:\Program Files\JetBrains\IntelliJ IDEA Community Edition 2021.3\plugins\junit\lib\junit-rt.jar;C:\Program Files\java\jdk1.8.0_202\jre\lib\charsets.jar;C:\Program Files\java\jdk1.8.0_202\jre\lib\deploy.jar;C:\Program Files\java\jdk1.8.0_202\jre\lib\ext\access-bridge-64.jar;C:\Program Files\java\jdk1.8.0_202\jre\lib\ext\cldrdata.jar;C:\Program Files\java\jdk1.8.0_202\jre\lib\ext\dnsns.jar;C:\Program Files\java\jdk1.8.0_202\jre\lib\ext\jaccess.jar;C:\Program Files\java\jdk1.8.0_202\jre\lib\ext\jfxrt.jar;C:\Program Files\java\jdk1.8.0_202\jre\lib\ext\localedata.jar;C:\Program Files\java\jdk1.8.0_202\jre\lib\ext\nashorn.jar;C:\Program Files\java\jdk1.8.0_202\jre\lib\ext\sunec.jar;C:\Program Files\java\jdk1.8.0_202\jre\lib\ext\sunjce_provider.jar;C:\Program Files\java\jdk1.8.0_202\jre\lib\ext\sunmscapi.jar;C:\Program Files\java\jdk1.8.0_202\jre\lib\ext\sunpkcs11.jar;C:\Program Files\java\jdk1.8.0_202\jre\lib\ext\zipfs.jar;C:\Program Files\java\jdk1.8.0_202\jre\lib\javaws.jar;C:\Program Files\java\jdk1.8.0_202\jre\lib\jce.jar;C:\Program Files\java\jdk1.8.0_202\jre\lib\jfr.jar;C:\Program Files\java\jdk1.8.0_202\jre\lib\jfxswt.jar;C:\Program Files\java\jdk1.8.0_202\jre\lib\jsse.jar;C:\Program Files\java\jdk1.8.0_202\jre\lib\management-agent.jar;C:\Program Files\java\jdk1.8.0_202\jre\lib\plugin.jar;C:\Program Files\java\jdk1.8.0_202\jre\lib\resources.jar;C:\Program Files\java\jdk1.8.0_202\jre\lib\rt.jar;C:\Users\WhiteCode\IdeaProjects\bhinneka.com_web_auto_testing\target\test-classes;C:\Users\WhiteCode\IdeaProjects\bhinneka.com_web_auto_testing\target\classes;C:\Users\WhiteCode\.m2\repository\io\rest-assured\rest-assured\3.3.0\rest-assured-3.3.0.jar;C:\Users\WhiteCode\.m2\repository\org\codehaus\groovy\groovy\2.4.15\groovy-2.4.15.jar;C:\Users\WhiteCode\.m2\repository\o
Launcher Type: SUN_STANDARD

Environment Variables:
JAVA_HOME=C:\Program Files\java\jdk1.8.0_202
CLASSPATH=C:\Program Files\java\jdk1.8.0_202\lib
PATH=C:\Users\WhiteCode\AppData\Local\Android\Sdk\emulator;C:\Windows\system32;C:\Windows;C:\Windows\System32\Wbem;C:\Windows\System32\WindowsPowerShell\v1.0\;C:\Windows\System32\OpenSSH\;C:\Program Files\Java\jdk-16.0.1\bin;C:\Program Files\Microsoft VS Code\bin;"C:\C:\Program Files\apache-maven-3.8.3\bin;";C:\Users\WhiteCode\AppData\Local\Android\Sdk\platform-tools;C:\Users\WhiteCode\AppData\Local\Android\Sdk\tools;C:\Program Files\java\jdk1.8.0_202\bin;C:\Program Files\apache-maven-3.8.3\bin;C:\Program Files\nodejs\;C:\chromedriver_win32;C:\Program Files\apache-maven-3.8.3;C:\Program Files\Git\Git\cmd;C:\Users\WhiteCode\AppData\Roaming\npm;C:\Program Files\TestProject Agent
USERNAME=WhiteCode
OS=Windows_NT
PROCESSOR_IDENTIFIER=Intel64 Family 6 Model 42 Stepping 7, GenuineIntel



---------------  S Y S T E M  ---------------

OS: Windows 10.0 , 64 bit Build 19041 (10.0.19041.1466)

CPU:total 4 (initial active 4) (2 cores per cpu, 2 threads per core) family 6 model 42 stepping 7, cmov, cx8, fxsr, mmx, sse, sse2, sse3, ssse3, sse4.1, sse4.2, popcnt, avx, aes, clmul, ht, tsc, tscinvbit

Memory: 4k page, physical 12564332k(1147604k free), swap 12564332k(4504k free)

vm_info: Java HotSpot(TM) 64-Bit Server VM (25.202-b08) for windows-amd64 JRE (1.8.0_202-b08), built on Dec 15 2018 19:54:30 by "java_re" with MS VC++ 10.0 (VS2010)

time: Mon Feb 07 09:41:40 2022
timezone: SE Asia Standard Time
elapsed time: 72 seconds (0d 0h 1m 12s)

